CEM evolve_volley continuous=True until_raw>=50.0 pop=12 elite=3 start_gen=5 champ_raw=17.8610
EVOLVE_START 20260714T195444Z until-raw=50
CEM evolve_volley continuous=True until_raw>=50.0 pop=12 elite=3 start_gen=10 champ_raw=17.9765
  gen10[1] raw=17.600
  gen10[0] raw=17.579
  gen10[2] raw=17.853
  gen10[3] raw=17.956
  gen10[4] raw=17.918
  gen10[5] raw=17.732
  gen10[6] raw=17.804
  gen10[7] raw=17.973
  gen10[8] raw=17.812
  gen10[9] raw=17.879
  gen10[11] raw=17.462
  gen10[10] raw=17.994
GEN 10 best_raw=17.9940 elite_mean=17.9744 champ=17.9765 [51.3s]
  gen11[1] raw=17.732
  gen11[0] raw=17.731
  gen11[2] raw=17.726
  gen11[3] raw=17.718
  gen11[4] raw=17.729
  gen11[5] raw=17.851
  gen11[6] raw=17.590
  gen11[7] raw=17.682
  gen11[8] raw=17.721
  gen11[9] raw=17.862
  gen11[10] raw=17.680
  gen11[11] raw=17.731
GEN 11 best_raw=17.8620 elite_mean=17.8150 champ=17.9765 [49.4s]
  gen12[0] raw=17.816
  gen12[1] raw=17.598
  gen12[2] raw=17.853
  gen12[3] raw=17.729
  gen12[5] raw=17.698
  gen12[4] raw=17.859
  gen12[6] raw=17.617
  gen12[7] raw=17.952
  gen12[8] raw=17.866
  gen12[10] raw=17.587
  gen12[9] raw=17.867
  gen12[11] raw=17.976
GEN 12 best_raw=17.9765 elite_mean=17.9319 champ=17.9765 [49.1s]
  gen13[2] raw=17.679
  gen13[1] raw=17.796
  gen13[0] raw=17.861
  gen13[4] raw=17.812
  gen13[5] raw=17.737
  gen13[3] raw=17.854
EVOLVE_START 20260714T195751Z until-raw=50
CEM evolve_volley continuous=True until_raw>=50.0 pop=12 elite=3 start_gen=13 champ_raw=17.9940
  gen13[1] raw=17.854
  gen13[2] raw=17.969
  gen13[0] raw=17.622
  gen13[3] raw=17.829
  gen13[4] raw=17.854
  gen13[5] raw=17.824
  gen13[6] raw=17.601
  gen13[7] raw=17.620
  gen13[8] raw=17.580
  gen13[9] raw=9.314
  gen13[11] raw=7.533
  gen13[10] raw=8.872
GEN 13 best_raw=17.9692 elite_mean=17.8926 champ=17.9940 [78.3s]
  gen14[0] FAIL
  gen14[1] FAIL
  gen14[2] FAIL
  gen14[3] FAIL
  gen14[4] FAIL
  gen14[5] FAIL
  gen14[6] FAIL
  gen14[7] FAIL
  gen14[8] FAIL
  gen14[9] FAIL
  gen14[10] FAIL
  gen14[11] FAIL
GEN 14 best_raw=-1.0000 elite_mean=-1.0000 champ=17.9940 [5.7s]
  gen15[0] FAIL
  gen15[1] FAIL
  gen15[2] FAIL
  gen15[4] FAIL
  gen15[3] FAIL
  gen15[5] FAIL
  gen15[6] FAIL
  gen15[8] FAIL
  gen15[7] FAIL
  gen15[9] FAIL
  gen15[11] FAIL
  gen15[10] FAIL
GEN 15 best_raw=-1.0000 elite_mean=-1.0000 champ=17.9940 [6.5s]
  gen16[0] FAIL
  gen16[2] FAIL
  gen16[1] FAIL
  gen16[3] FAIL
  gen16[4] FAIL
  gen16[5] FAIL
  gen16[6] FAIL
  gen16[8] FAIL
  gen16[7] FAIL
  gen16[9] FAIL
  gen16[10] FAIL
  gen16[11] FAIL
GEN 16 best_raw=-1.0000 elite_mean=-1.0000 champ=17.9940 [6.3s]
  gen17[0] FAIL
  gen17[1] FAIL
  gen17[2] FAIL
  gen17[4] FAIL
  gen17[3] FAIL
  gen17[5] FAIL
  gen17[6] FAIL
  gen17[7] FAIL
  gen17[8] FAIL
  gen17[9] FAIL
  gen17[10] FAIL
  gen17[11] FAIL
GEN 17 best_raw=-1.0000 elite_mean=-1.0000 champ=17.9940 [6.8s]
  gen18[0] FAIL
  gen18[1] FAIL
  gen18[2] FAIL
  gen18[4] FAIL
  gen18[3] FAIL
  gen18[5] FAIL
  gen18[7] FAIL
  gen18[6] FAIL
  gen18[8] FAIL
  gen18[9] FAIL
  gen18[10] FAIL
  gen18[11] FAIL
GEN 18 best_raw=-1.0000 elite_mean=-1.0000 champ=17.9940 [4.9s]
  gen19[0] FAIL
  gen19[1] FAIL
  gen19[2] FAIL
  gen19[3] FAIL
  gen19[4] FAIL
  gen19[5] FAIL
  gen19[6] FAIL
  gen19[7] FAIL
  gen19[8] FAIL
  gen19[9] FAIL
  gen19[10] FAIL
  gen19[11] FAIL
GEN 19 best_raw=-1.0000 elite_mean=-1.0000 champ=17.9940 [5.4s]
  gen20[0] FAIL
  gen20[1] FAIL
  gen20[2] FAIL
  gen20[3] FAIL
  gen20[4] FAIL
  gen20[5] FAIL
  gen20[6] FAIL
  gen20[7] FAIL
  gen20[8] FAIL
  gen20[9] FAIL
  gen20[10] FAIL
  gen20[11] FAIL
GEN 20 best_raw=-1.0000 elite_mean=-1.0000 champ=17.9940 [4.9s]
SIGMA_REFRESH gen=20 stall champ=17.9940 (was 17.9940)
  gen21[2] FAIL
  gen21[0] FAIL
  gen21[1] FAIL
  gen21[4] FAIL
  gen21[5] FAIL
  gen21[3] FAIL
  gen21[6] FAIL
  gen21[8] FAIL
  gen21[7] FAIL
  gen21[10] FAIL
  gen21[9] FAIL
  gen21[11] FAIL
GEN 21 best_raw=-1.0000 elite_mean=-1.0000 champ=17.9940 [5.9s]
  gen22[0] FAIL
  gen22[1] FAIL
  gen22[2] FAIL
  gen22[4] FAIL
  gen22[3] FAIL
  gen22[5] FAIL
  gen22[6] FAIL
  gen22[7] FAIL
  gen22[8] FAIL
  gen22[9] FAIL
  gen22[10] FAIL
  gen22[11] FAIL
GEN 22 best_raw=-1.0000 elite_mean=-1.0000 champ=17.9940 [5.0s]
  gen23[1] FAIL
  gen23[0] FAIL
  gen23[2] FAIL
  gen23[4] FAIL
  gen23[3] FAIL
  gen23[5] FAIL
  gen23[7] FAIL
  gen23[6] FAIL
  gen23[8] FAIL
  gen23[10] FAIL
  gen23[9] FAIL
  gen23[11] FAIL
GEN 23 best_raw=-1.0000 elite_mean=-1.0000 champ=17.9940 [4.9s]
  gen24[0] FAIL
  gen24[2] FAIL
  gen24[1] FAIL
  gen24[4] FAIL
  gen24[3] FAIL
  gen24[5] FAIL
  gen24[6] FAIL
  gen24[7] FAIL
  gen24[8] FAIL
  gen24[9] FAIL
  gen24[10] FAIL
  gen24[11] FAIL
GEN 24 best_raw=-1.0000 elite_mean=-1.0000 champ=17.9940 [5.0s]
  gen25[2] FAIL
  gen25[1] FAIL
  gen25[0] FAIL
  gen25[4] FAIL
  gen25[3] FAIL
  gen25[5] FAIL
  gen25[6] FAIL
  gen25[8] FAIL
  gen25[7] FAIL
  gen25[9] FAIL
  gen25[10] FAIL
  gen25[11] FAIL
GEN 25 best_raw=-1.0000 elite_mean=-1.0000 champ=17.9940 [6.2s]
  gen26[2] FAIL
  gen26[0] FAIL
  gen26[1] FAIL
  gen26[4] FAIL
  gen26[5] FAIL
  gen26[3] FAIL
  gen26[6] FAIL
  gen26[7] FAIL
  gen26[8] FAIL
  gen26[10] FAIL
  gen26[9] FAIL
  gen26[11] FAIL
GEN 26 best_raw=-1.0000 elite_mean=-1.0000 champ=17.9940 [15.4s]
  gen27[2] FAIL
  gen27[1] FAIL
  gen27[3] FAIL
  gen27[4] FAIL
  gen27[6] FAIL
  gen27[5] FAIL
  gen27[7] FAIL
  gen27[8] FAIL
  gen27[0] raw=17.304
  gen27[9] FAIL
  gen27[10] FAIL
  gen27[11] FAIL
GEN 27 best_raw=17.3038 elite_mean=5.1013 champ=17.9940 [17.8s]
EVOLVE_START 20260714T200056Z until-raw=50
CEM evolve_volley continuous=True until_raw>=50.0 pop=12 elite=3 start_gen=0 champ_raw=17.9940
  gen0[0] FAIL
  gen0[1] FAIL
  gen0[2] FAIL
  gen0[3] FAIL
  gen0[4] FAIL
  gen0[5] FAIL
  gen0[7] FAIL
  gen0[6] FAIL
  gen0[8] FAIL
  gen0[9] FAIL
  gen0[10] FAIL
  gen0[11] FAIL
GEN 0 best_raw=-1.0000 elite_mean=-1.0000 champ=17.9940 [11.1s]
  gen1[0] FAIL
  gen1[2] FAIL
  gen1[3] FAIL
  gen1[4] FAIL
  gen1[5] FAIL
  gen1[6] FAIL
  gen1[7] FAIL
  gen1[8] FAIL
  gen1[1] raw=17.620
  gen1[9] FAIL
  gen1[10] FAIL
  gen1[11] raw=17.575
GEN 1 best_raw=17.6200 elite_mean=11.3982 champ=17.9940 [20.4s]
  gen2[0] FAIL
  gen2[2] FAIL
  gen2[4] FAIL
  gen2[1] raw=17.666
  gen2[6] FAIL
  gen2[3] raw=17.681
  gen2[7] FAIL
  gen2[8] FAIL
  gen2[5] raw=17.349
  gen2[9] FAIL
  gen2[11] FAIL
  gen2[10] raw=17.624
GEN 2 best_raw=17.6805 elite_mean=17.6568 champ=17.9940 [25.6s]
  gen3[1] raw=17.828
  gen3[0] raw=17.661
  gen3[2] raw=17.281
  gen3[3] FAIL
  gen3[5] raw=17.784
  gen3[4] raw=17.919
  gen3[6] raw=17.731
  gen3[8] raw=17.790
  gen3[7] raw=17.697
  gen3[9] raw=17.630
  gen3[10] raw=17.602
  gen3[11] raw=17.606
GEN 3 best_raw=17.9191 elite_mean=17.8458 champ=17.9940 [48.5s]
  gen4[2] FAIL
  gen4[0] raw=17.743
  gen4[1] raw=17.544
  gen4[3] raw=17.995
  gen4[5] raw=17.675
  gen4[4] raw=17.667
  gen4[6] raw=17.466
  gen4[7] raw=17.643
  gen4[8] raw=17.784
  gen4[9] raw=17.827
  gen4[11] raw=17.663
  gen4[10] raw=17.674
GEN 4 best_raw=17.9951 elite_mean=17.8687 champ=17.9940 [49.3s]
  gen5[2] raw=17.850
  gen5[1] raw=17.693
  gen5[0] raw=18.088
  gen5[4] raw=17.686
  gen5[3] raw=17.834
  gen5[5] raw=17.730
  gen5[6] raw=17.707
  gen5[8] raw=17.852
  gen5[7] raw=17.700
  gen5[9] raw=17.722
  gen5[10] raw=17.676
  gen5[11] raw=17.576
GEN 5 best_raw=18.0883 elite_mean=17.9301 champ=17.9940 [48.1s]
PROGRESSION_DETACHED pid=1905697 (focus pack, non-blocking)
INSTALLED evolved_g5 raw=18.0883
  gen6[1] raw=17.995
  gen6[0] raw=17.836
  gen6[2] raw=17.481
  gen6[5] raw=17.846
  gen6[3] raw=17.729
  gen6[4] raw=17.580
  gen6[6] raw=17.608
  gen6[7] raw=17.808
  gen6[8] raw=17.969
  gen6[10] raw=17.913
  gen6[9] raw=17.608
  gen6[11] raw=17.974
GEN 6 best_raw=17.9948 elite_mean=17.9791 champ=18.0883 [55.4s]
  gen7[1] raw=17.995
  gen7[0] raw=17.885
  gen7[2] raw=17.982
  gen7[3] raw=17.844
  gen7[4] raw=17.851
  gen7[5] raw=17.838
  gen7[6] raw=17.868
  gen7[7] raw=17.662
  gen7[8] raw=17.852
  gen7[9] raw=17.834
  gen7[10] raw=17.858
  gen7[11] raw=18.127
GEN 7 best_raw=18.1266 elite_mean=18.0344 champ=18.0883 [55.5s]
PROGRESSION_DETACHED pid=1912187 (focus pack, non-blocking)
INSTALLED evolved_g7 raw=18.1266
  gen8[0] raw=17.734
  gen8[1] raw=18.126
  gen8[2] raw=17.980
  gen8[3] raw=17.861
  gen8[4] raw=17.812
  gen8[5] raw=18.094
  gen8[6] raw=17.825
  gen8[7] raw=17.861
  gen8[8] raw=17.974
  gen8[9] raw=17.659
  gen8[10] raw=17.993
  gen8[11] raw=17.734
GEN 8 best_raw=18.1264 elite_mean=18.0710 champ=18.1266 [57.4s]
  gen9[0] raw=17.608
  gen9[2] raw=17.742
  gen9[1] raw=17.873
  gen9[3] raw=17.608
  gen9[4] raw=18.106
  gen9[5] raw=17.887
  gen9[6] raw=17.997
  gen9[7] raw=17.980
  gen9[8] raw=17.836
  gen9[9] raw=17.648
  gen9[11] raw=18.135
  gen9[10] raw=17.975
GEN 9 best_raw=18.1353 elite_mean=18.0795 champ=18.1266 [55.3s]
PROGRESSION_DETACHED pid=1918401 (focus pack, non-blocking)
INSTALLED evolved_g9 raw=18.1353
  gen10[0] FAIL
  gen10[2] raw=17.594
  gen10[1] raw=17.986
  gen10[3] raw=17.972
  gen10[6] FAIL
  gen10[4] raw=17.975
  gen10[5] raw=17.991
  gen10[8] FAIL
  gen10[7] raw=17.989
  gen10[11] FAIL
  gen10[9] raw=18.117
  gen10[10] raw=17.868
GEN 10 best_raw=18.1170 elite_mean=18.0321 champ=18.1353 [44.4s]
  gen11[0] raw=17.734
  gen11[1] raw=17.869
  gen11[2] raw=17.976
  gen11[3] raw=17.993
  gen11[4] raw=18.111
  gen11[5] raw=18.090
  gen11[6] raw=18.138
  gen11[7] raw=17.989
  gen11[8] raw=17.978
  gen11[9] raw=17.850
  gen11[10] raw=17.866
  gen11[11] raw=17.773
GEN 11 best_raw=18.1380 elite_mean=18.1130 champ=18.1353 [56.2s]
  gen12[1] FAIL
  gen12[0] raw=17.972
  gen12[2] raw=17.997
  gen12[3] raw=17.745
  gen12[4] raw=18.108
  gen12[5] raw=17.996
  gen12[6] raw=17.834
  gen12[9] FAIL
  gen12[7] raw=18.116
  gen12[8] raw=17.974
  gen12[10] raw=18.143
  gen12[11] raw=17.972
GEN 12 best_raw=18.1430 elite_mean=18.1220 champ=18.1353 [46.3s]
PROGRESSION_DETACHED pid=1926708 (focus pack, non-blocking)
INSTALLED evolved_g12 raw=18.1430
  gen13[2] FAIL
  gen13[0] FAIL
  gen13[1] raw=17.719
  gen13[3] raw=17.965
  gen13[4] raw=17.838
  gen13[7] FAIL
  gen13[5] raw=18.085
  gen13[6] raw=17.602
  gen13[8] raw=17.997
  gen13[9] raw=18.013
  gen13[10] raw=17.982
  gen13[11] raw=17.686
GEN 13 best_raw=18.0851 elite_mean=18.0318 champ=18.1430 [48.2s]
  gen14[1] raw=17.959
  gen14[0] raw=17.848
  gen14[2] raw=17.717
  gen14[3] raw=17.992
  gen14[4] raw=17.836
  gen14[5] raw=18.073
  gen14[6] raw=17.723
  gen14[7] raw=17.745
  gen14[8] raw=17.861
  gen14[9] raw=17.732
  gen14[10] raw=18.013
  gen14[11] raw=17.873
GEN 14 best_raw=18.0734 elite_mean=18.0261 champ=18.1430 [55.5s]
  gen15[0] raw=17.744
  gen15[1] raw=17.857
  gen15[2] raw=17.883
  gen15[4] raw=17.970
  gen15[5] raw=17.985
  gen15[3] raw=17.958
  gen15[6] raw=17.831
  gen15[7] raw=17.866
  gen15[8] raw=18.110
  gen15[11] FAIL
  gen15[9] raw=17.875
  gen15[10] raw=17.991
GEN 15 best_raw=18.1097 elite_mean=18.0286 champ=18.1430 [49.7s]
SIGMA_REFRESH gen=15 stall champ=18.1430 (was 18.1266)
  gen16[1] FAIL
  gen16[0] FAIL
  gen16[3] FAIL
  gen16[2] raw=17.481
  gen16[6] FAIL
  gen16[4] raw=17.571
  gen16[5] raw=17.628
  gen16[7] FAIL
  gen16[9] FAIL
  gen16[10] FAIL
  gen16[11] FAIL
  gen16[8] raw=17.604
GEN 16 best_raw=17.6277 elite_mean=17.6010 champ=18.1430 [25.0s]
  gen17[0] raw=17.728
  gen17[1] raw=17.343
  gen17[2] raw=17.650
  gen17[5] FAIL
  gen17[6] FAIL
  gen17[4] raw=17.391
  gen17[3] raw=17.757
  gen17[9] FAIL
  gen17[7] raw=17.961
  gen17[10] FAIL
  gen17[8] raw=17.626
  gen17[11] raw=17.274
GEN 17 best_raw=17.9609 elite_mean=17.8153 champ=18.1430 [39.3s]
  gen18[0] FAIL
  gen18[2] raw=17.659
  gen18[1] raw=17.855
  gen18[3] raw=17.718
  gen18[4] raw=17.690
  gen18[5] raw=17.703
  gen18[6] raw=17.804
  gen18[7] FAIL
  gen18[8] raw=17.732
  gen18[9] raw=17.772
  gen18[10] raw=17.456
  gen18[11] raw=17.809
GEN 18 best_raw=17.8553 elite_mean=17.8226 champ=18.1430 [46.4s]
  gen19[0] raw=17.887
  gen19[2] raw=17.981
  gen19[1] raw=17.815
  gen19[4] raw=17.857
  gen19[3] raw=17.863
  gen19[5] raw=17.796
  gen19[6] raw=17.624
  gen19[7] raw=17.799
  gen19[8] raw=17.808
  gen19[9] raw=17.924
  gen19[10] raw=17.620
  gen19[11] raw=17.730
GEN 19 best_raw=17.9808 elite_mean=17.9306 champ=18.1430 [51.9s]
  gen20[0] raw=17.699
  gen20[1] raw=17.679
  gen20[2] raw=17.767
  gen20[4] raw=17.833
  gen20[3] raw=17.734
  gen20[5] raw=17.705
  gen20[6] raw=17.917
  gen20[8] raw=17.838
  gen20[7] raw=17.618
  gen20[9] raw=17.952
  gen20[10] raw=17.820
  gen20[11] raw=17.818
GEN 20 best_raw=17.9524 elite_mean=17.9022 champ=18.1430 [52.2s]
  gen21[2] raw=17.835
  gen21[0] raw=17.719
  gen21[1] raw=17.771
  gen21[3] raw=17.873
  gen21[4] raw=17.927
  gen21[5] raw=17.880
  gen21[6] raw=17.402
  gen21[7] raw=17.967
  gen21[8] raw=17.971
  gen21[9] raw=17.951
  gen21[11] raw=17.807
  gen21[10] raw=17.618
GEN 21 best_raw=17.9712 elite_mean=17.9629 champ=18.1430 [52.7s]
  gen22[0] raw=17.837
  gen22[2] raw=17.829
  gen22[1] raw=17.797
  gen22[3] raw=17.843
  gen22[5] raw=17.948
  gen22[4] raw=17.833
  gen22[6] raw=17.941
  gen22[8] raw=17.833
  gen22[7] raw=17.973
  gen22[9] raw=17.698
  gen22[10] raw=17.808
  gen22[11] raw=17.557
GEN 22 best_raw=17.9732 elite_mean=17.9542 champ=18.1430 [50.6s]
  gen23[0] FAIL
  gen23[1] raw=17.683
  gen23[2] raw=17.828
  gen23[3] raw=17.732
  gen23[4] raw=17.821
  gen23[5] raw=17.856
  gen23[6] raw=17.933
  gen23[8] raw=17.959
  gen23[7] raw=17.685
  gen23[9] raw=17.802
  gen23[10] raw=17.826
  gen23[11] raw=17.842
GEN 23 best_raw=17.9586 elite_mean=17.9158 champ=18.1430 [47.7s]
SIGMA_REFRESH gen=23 stall champ=18.1430 (was 18.1430)
  gen24[1] raw=17.328
  gen24[0] raw=17.533
  gen24[2] raw=17.703
  gen24[3] FAIL
  gen24[5] FAIL
  gen24[7] FAIL
  gen24[4] raw=17.698
  gen24[9] FAIL
  gen24[6] raw=17.491
  gen24[10] FAIL
  gen24[8] raw=17.706
  gen24[11] raw=17.540
GEN 24 best_raw=17.7056 elite_mean=17.7025 champ=18.1430 [36.5s]
  gen25[0] raw=17.729
  gen25[2] raw=17.525
  gen25[1] raw=17.549
  gen25[5] FAIL
  gen25[6] FAIL
  gen25[3] raw=17.689
  gen25[4] raw=17.695
  gen25[7] raw=17.835
  gen25[10] FAIL
  gen25[8] raw=17.638
  gen25[9] raw=17.830
  gen25[11] raw=17.720
GEN 25 best_raw=17.8352 elite_mean=17.7981 champ=18.1430 [43.9s]
  gen26[1] raw=17.827
  gen26[2] raw=17.846
  gen26[0] raw=17.760
  gen26[3] FAIL
  gen26[4] raw=17.690
  gen26[5] raw=17.706
  gen26[6] raw=17.619
  gen26[7] raw=17.875
  gen26[8] raw=17.670
  gen26[9] raw=17.701
  gen26[10] raw=17.692
  gen26[11] raw=17.624
GEN 26 best_raw=17.8751 elite_mean=17.8495 champ=18.1430 [49.9s]
  gen27[0] raw=17.860
  gen27[1] raw=17.862
  gen27[2] raw=17.706
  gen27[3] raw=17.675
  gen27[4] raw=17.621
  gen27[5] raw=17.840
  gen27[6] raw=17.850
  gen27[8] raw=17.587
  gen27[7] raw=17.633
  gen27[11] FAIL
  gen27[9] raw=17.850
  gen27[10] raw=17.687
GEN 27 best_raw=17.8625 elite_mean=17.8577 champ=18.1430 [49.2s]
  gen28[2] raw=17.660
  gen28[1] raw=17.852
  gen28[0] raw=17.721
  gen28[3] raw=17.838
  gen28[4] raw=17.763
  gen28[5] raw=17.692
  gen28[6] raw=17.988
  gen28[7] raw=17.698
  gen28[8] raw=17.755
  gen28[9] raw=17.750
  gen28[10] raw=17.836
  gen28[11] raw=17.851
GEN 28 best_raw=17.9876 elite_mean=17.8969 champ=18.1430 [53.8s]
  gen29[1] raw=17.592
  gen29[0] raw=17.840
  gen29[2] raw=17.825
  gen29[3] raw=17.722
  gen29[4] raw=17.713
  gen29[5] raw=17.733
  gen29[6] raw=17.730
  gen29[7] raw=17.817
  gen29[8] raw=17.856
  gen29[9] raw=17.598
  gen29[10] raw=17.858
  gen29[11] raw=17.690
GEN 29 best_raw=17.8585 elite_mean=17.8515 champ=18.1430 [53.4s]
  gen30[0] raw=17.708
  gen30[2] raw=17.541
  gen30[1] raw=17.839
  gen30[3] FAIL
  gen30[4] raw=17.689
  gen30[5] raw=17.587
  gen30[6] raw=17.559
  gen30[7] raw=17.691
  gen30[8] raw=17.702
  gen30[9] raw=17.625
  gen30[10] raw=17.976
  gen30[11] raw=17.700
GEN 30 best_raw=17.9760 elite_mean=17.8412 champ=18.1430 [50.0s]
  gen31[1] raw=17.713
  gen31[2] raw=17.871
  gen31[0] raw=17.835
  gen31[3] raw=17.865
  gen31[4] raw=17.698
  gen31[5] raw=17.747
  gen31[6] raw=17.826
  gen31[8] raw=17.874
  gen31[7] raw=17.699
  gen31[9] raw=17.835
  gen31[10] raw=18.014
  gen31[11] raw=17.843
GEN 31 best_raw=18.0137 elite_mean=17.9195 champ=18.1430 [51.2s]
SIGMA_REFRESH gen=31 stall champ=18.1430 (was 18.1430)
  gen32[2] FAIL
  gen32[1] FAIL
  gen32[4] FAIL
  gen32[3] FAIL
  gen32[6] FAIL
  gen32[0] raw=17.595
  gen32[5] raw=17.740
  gen32[7] raw=17.685
  gen32[8] raw=17.588
  gen32[9] raw=17.630
  gen32[10] raw=17.306
  gen32[11] raw=17.763
GEN 32 best_raw=17.7634 elite_mean=17.7296 champ=18.1430 [35.4s]
  gen33[2] raw=17.865
  gen33[1] raw=17.854
  gen33[0] raw=17.604
  gen33[4] FAIL
  gen33[5] raw=17.775
  gen33[3] raw=17.590
  gen33[6] raw=17.596
  gen33[8] raw=17.853
  gen33[7] raw=17.867
  gen33[9] raw=17.860
  gen33[10] FAIL
  gen33[11] raw=17.814
GEN 33 best_raw=17.8666 elite_mean=17.8638 champ=18.1430 [47.1s]
  gen34[1] raw=17.801
  gen34[2] raw=17.861
  gen34[0] raw=17.865
  gen34[3] raw=17.857
  gen34[4] raw=17.870
  gen34[5] raw=17.879
  gen34[6] raw=17.885
  gen34[7] raw=17.854
  gen34[8] raw=17.862
  gen34[9] raw=17.857
  gen34[10] raw=17.728
  gen34[11] raw=17.861
GEN 34 best_raw=17.8846 elite_mean=17.8778 champ=18.1430 [51.7s]
  gen35[0] FAIL
  gen35[1] raw=17.869
  gen35[2] raw=17.793
  gen35[3] raw=17.869
  gen35[4] raw=17.898
  gen35[5] raw=17.862
  gen35[6] raw=17.892
  gen35[7] raw=17.864
  gen35[8] raw=17.772
  gen35[9] raw=17.869
  gen35[11] raw=17.869
  gen35[10] raw=17.901
GEN 35 best_raw=17.9007 elite_mean=17.8971 champ=18.1430 [47.9s]
  gen36[2] raw=17.872
  gen36[0] raw=17.857
  gen36[1] raw=17.863
  gen36[3] raw=17.736
  gen36[4] raw=17.853
  gen36[5] raw=17.882
  gen36[7] raw=17.862
  gen36[6] raw=17.894
  gen36[8] raw=17.866
  gen36[9] FAIL
  gen36[11] raw=17.868
  gen36[10] raw=17.903
GEN 36 best_raw=17.9029 elite_mean=17.8930 champ=18.1430 [48.0s]
  gen37[2] raw=17.856
  gen37[0] raw=17.885
  gen37[1] raw=17.869
  gen37[5] FAIL
  gen37[3] raw=17.916
  gen37[4] raw=17.748
  gen37[6] raw=17.904
  gen37[7] raw=17.705
  gen37[8] raw=17.874
  gen37[9] raw=17.862
  gen37[10] raw=17.892
  gen37[11] raw=17.863
GEN 37 best_raw=17.9163 elite_mean=17.9041 champ=18.1430 [49.9s]
  gen38[1] raw=17.907
  gen38[0] raw=17.757
  gen38[2] raw=17.858
  gen38[4] FAIL
  gen38[3] raw=17.897
  gen38[5] raw=17.759
  gen38[6] raw=17.879
  gen38[7] raw=17.863
  gen38[8] raw=17.734
  gen38[11] FAIL
  gen38[9] raw=17.892
  gen38[10] raw=17.913
GEN 38 best_raw=17.9131 elite_mean=17.9054 champ=18.1430 [46.9s]
  gen39[1] raw=17.889
  gen39[2] raw=17.899
  gen39[0] raw=17.596
  gen39[4] raw=17.890
  gen39[3] raw=17.887
  gen39[5] raw=17.865
  gen39[7] FAIL
  gen39[6] raw=17.892
  gen39[8] raw=17.859
  gen39[9] raw=17.897
  gen39[11] raw=17.904
  gen39[10] raw=17.863
GEN 39 best_raw=17.9038 elite_mean=17.9001 champ=18.1430 [50.0s]
SIGMA_REFRESH gen=39 stall champ=18.1430 (was 18.1430)
  gen40[1] FAIL
  gen40[3] FAIL
  gen40[0] raw=17.777
  gen40[2] raw=17.742
  gen40[5] FAIL
  gen40[7] FAIL
  gen40[4] raw=17.800
  gen40[8] FAIL
  gen40[6] raw=17.763
  gen40[9] raw=17.492
  gen40[10] raw=17.884
  gen40[11] raw=17.757
GEN 40 best_raw=17.8841 elite_mean=17.8205 champ=18.1430 [37.1s]
  gen41[0] raw=17.872
  gen41[1] raw=17.764
  gen41[2] raw=17.801
  gen41[3] raw=17.747
  gen41[4] raw=17.798
  gen41[5] raw=17.868
  gen41[6] FAIL
  gen41[8] raw=17.735
  gen41[7] raw=17.746
  gen41[9] raw=17.900
  gen41[10] raw=17.839
  gen41[11] raw=17.798
GEN 41 best_raw=17.9005 elite_mean=17.8798 champ=18.1430 [53.8s]
  gen42[2] raw=17.870
  gen42[1] raw=17.868
  gen42[0] raw=17.899
  gen42[3] raw=17.867
  gen42[4] raw=17.866
  gen42[5] raw=17.863
  gen42[6] raw=17.867
  gen42[7] raw=17.898
  gen42[8] raw=17.897
  gen42[9] raw=17.798
  gen42[10] raw=17.897
  gen42[11] raw=17.931
GEN 42 best_raw=17.9309 elite_mean=17.9091 champ=18.1430 [52.1s]
  gen43[0] raw=17.866
  gen43[2] raw=17.796
  gen43[1] raw=17.868
  gen43[3] raw=17.801
  gen43[4] raw=17.797
  gen43[5] raw=17.792
  gen43[7] FAIL
  gen43[6] raw=17.867
  gen43[8] raw=17.870
  gen43[10] FAIL
  gen43[9] raw=17.866
  gen43[11] raw=17.726
GEN 43 best_raw=17.8698 elite_mean=17.8680 champ=18.1430 [44.6s]
  gen44[1] raw=17.865
  gen44[2] raw=17.866
  gen44[0] raw=17.734
  gen44[5] raw=17.890
  gen44[4] raw=17.918
  gen44[3] raw=17.888
  gen44[6] raw=17.892
  gen44[7] raw=17.869
  gen44[8] raw=17.776
  gen44[9] raw=17.891
  gen44[10] raw=17.866
  gen44[11] raw=17.889
GEN 44 best_raw=17.9184 elite_mean=17.9006 champ=18.1430 [49.5s]
  gen45[1] raw=17.897
  gen45[0] raw=17.916
  gen45[2] raw=17.896
  gen45[3] raw=17.867
  gen45[5] raw=17.914
  gen45[4] raw=17.914
  gen45[7] FAIL
  gen45[6] raw=17.760
  gen45[8] raw=17.919
  gen45[10] FAIL
  gen45[9] raw=17.888
  gen45[11] raw=17.734
GEN 45 best_raw=17.9189 elite_mean=17.9166 champ=18.1430 [44.9s]
  gen46[2] FAIL
  gen46[3] FAIL
  gen46[4] FAIL
  gen46[5] FAIL
  gen46[0] raw=17.919
  gen46[1] raw=17.918
  gen46[6] FAIL
  gen46[8] raw=17.734
  gen46[7] raw=17.922
  gen46[9] raw=17.788
  gen46[10] raw=17.856
  gen46[11] raw=17.864
GEN 46 best_raw=17.9218 elite_mean=17.9197 champ=18.1430 [33.6s]
  gen47[0] FAIL
  gen47[2] raw=17.762
  gen47[1] raw=17.729
  gen47[3] raw=17.727
  gen47[6] FAIL
  gen47[4] raw=17.888
  gen47[5] raw=17.654
  gen47[7] raw=17.895
  gen47[8] raw=17.895
  gen47[9] raw=17.919
  gen47[10] raw=17.748
  gen47[11] raw=17.808
GEN 47 best_raw=17.9185 elite_mean=17.9028 champ=18.1430 [43.6s]
SIGMA_REFRESH gen=47 stall champ=18.1430 (was 18.1430)
  gen48[2] FAIL
  gen48[0] FAIL
  gen48[1] FAIL
  gen48[3] raw=17.742
  gen48[5] raw=17.581
  gen48[4] raw=17.893
  gen48[7] FAIL
  gen48[9] FAIL
  gen48[10] FAIL
  gen48[11] FAIL
  gen48[6] raw=17.497
  gen48[8] raw=17.851
GEN 48 best_raw=17.8935 elite_mean=17.8290 champ=18.1430 [26.4s]
  gen49[1] raw=17.854
  gen49[2] raw=17.901
  gen49[0] raw=17.831
  gen49[3] raw=17.866
  gen49[4] raw=17.897
  gen49[5] raw=17.904
  gen49[7] FAIL
  gen49[6] raw=17.887
  gen49[8] raw=17.796
  gen49[9] raw=17.866
  gen49[10] raw=17.890
  gen49[11] raw=17.721
GEN 49 best_raw=17.9037 elite_mean=17.9004 champ=18.1430 [47.2s]
  gen50[1] raw=17.875
  gen50[0] raw=17.898
  gen50[2] raw=17.733
  gen50[5] FAIL
  gen50[6] FAIL
  gen50[3] raw=17.842
  gen50[4] raw=17.908
  gen50[7] raw=17.868
  gen50[8] raw=17.768
  gen50[9] raw=17.920
  gen50[10] raw=17.899
  gen50[11] raw=17.898
GEN 50 best_raw=17.9195 elite_mean=17.9086 champ=18.1430 [48.3s]
  gen51[1] FAIL
  gen51[3] FAIL
  gen51[2] raw=18.020
  gen51[0] raw=17.897
  gen51[4] raw=17.898
  gen51[5] raw=17.886
  gen51[6] raw=17.762
  gen51[7] raw=17.882
  gen51[8] raw=17.897
  gen51[9] raw=17.881
  gen51[10] raw=17.990
  gen51[11] raw=17.855
GEN 51 best_raw=18.0202 elite_mean=17.9693 champ=18.1430 [48.7s]
  gen52[2] FAIL
  gen52[0] raw=17.870
  gen52[1] raw=17.857
  gen52[3] raw=18.015
  gen52[4] raw=17.929
  gen52[5] raw=18.020
  gen52[6] raw=17.736
  gen52[8] FAIL
  gen52[7] raw=18.011
  gen52[9] raw=17.775
  gen52[10] raw=17.861
  gen52[11] raw=17.916
GEN 52 best_raw=18.0198 elite_mean=18.0150 champ=18.1430 [46.1s]
  gen53[2] FAIL
  gen53[0] raw=17.745
  gen53[1] raw=17.768
  gen53[3] raw=18.013
  gen53[4] FAIL
  gen53[5] FAIL
  gen53[6] raw=17.745
  gen53[7] raw=17.991
  gen53[8] raw=17.992
  gen53[9] raw=17.988
  gen53[10] raw=18.014
  gen53[11] raw=17.991
GEN 53 best_raw=18.0140 elite_mean=18.0061 champ=18.1430 [39.8s]
  gen54[1] FAIL
  gen54[0] raw=17.908
  gen54[2] raw=17.741
  gen54[3] raw=17.978
  gen54[6] FAIL
  gen54[4] raw=18.017
  gen54[5] raw=17.982
  gen54[7] raw=18.018
  gen54[9] raw=17.890
  gen54[8] raw=17.896
  gen54[11] FAIL
  gen54[10] raw=17.989
GEN 54 best_raw=18.0183 elite_mean=18.0080 champ=18.1430 [39.6s]
  gen55[1] FAIL
  gen55[0] raw=17.978
  gen55[2] raw=17.984
  gen55[3] raw=18.018
  gen55[5] FAIL
  gen55[4] raw=17.858
  gen55[6] raw=18.006
  gen55[7] raw=17.919
  gen55[8] FAIL
  gen55[9] raw=17.895
  gen55[10] raw=17.883
  gen55[11] raw=18.008
GEN 55 best_raw=18.0177 elite_mean=18.0105 champ=18.1430 [39.0s]
SIGMA_REFRESH gen=55 stall champ=18.1430 (was 18.1430)
  gen56[2] FAIL
  gen56[3] FAIL
  gen56[4] FAIL
  gen56[5] FAIL
  gen56[0] raw=17.919
  gen56[1] raw=17.890
  gen56[7] FAIL
  gen56[8] FAIL
  gen56[6] raw=17.386
  gen56[11] FAIL
  gen56[9] raw=17.767
  gen56[10] raw=17.884
GEN 56 best_raw=17.9190 elite_mean=17.8976 champ=18.1430 [29.0s]
  gen57[2] FAIL
  gen57[1] FAIL
  gen57[0] FAIL
  gen57[5] FAIL
  gen57[4] FAIL
  gen57[3] raw=17.879
  gen57[6] raw=17.892
  gen57[7] raw=17.840
  gen57[9] FAIL
  gen57[8] raw=17.892
  gen57[10] raw=17.752
  gen57[11] raw=17.894
GEN 57 best_raw=17.8938 elite_mean=17.8929 champ=18.1430 [34.4s]
  gen58[2] raw=17.884
  gen58[1] raw=17.743
  gen58[0] raw=17.892
  gen58[5] raw=17.767
  gen58[3] raw=17.788
  gen58[4] raw=17.852
  gen58[6] FAIL
  gen58[9] FAIL
  gen58[8] raw=17.885
  gen58[7] raw=17.879
  gen58[11] FAIL
  gen58[10] raw=17.900
GEN 58 best_raw=17.9002 elite_mean=17.8925 champ=18.1430 [45.6s]
  gen59[0] FAIL
  gen59[2] raw=17.887
  gen59[1] raw=17.874
  gen59[3] raw=17.788
  gen59[5] FAIL
  gen59[4] raw=17.870
  gen59[8] FAIL
  gen59[6] raw=17.792
  gen59[7] raw=17.879
  gen59[11] FAIL
  gen59[9] raw=17.895
  gen59[10] raw=17.753
GEN 59 best_raw=17.8950 elite_mean=17.8870 champ=18.1430 [41.2s]
  gen60[2] FAIL
  gen60[0] FAIL
  gen60[4] FAIL
  gen60[1] raw=17.890
  gen60[3] raw=17.885
  gen60[5] raw=17.752
  gen60[6] raw=17.879
  gen60[7] raw=17.895
  gen60[8] raw=17.887
  gen60[11] FAIL
  gen60[9] raw=17.891
  gen60[10] raw=17.863
GEN 60 best_raw=17.8946 elite_mean=17.8916 champ=18.1430 [45.8s]
  gen61[2] raw=17.872
  gen61[0] raw=17.883
  gen61[1] raw=17.889
  gen61[3] FAIL
  gen61[4] raw=17.872
  gen61[5] raw=17.871
  gen61[6] raw=17.851
  gen61[8] raw=17.892
  gen61[7] raw=17.893
  gen61[9] raw=17.899
  gen61[10] raw=17.883
  gen61[11] raw=17.887
GEN 61 best_raw=17.8993 elite_mean=17.8945 champ=18.1430 [55.4s]
  gen62[2] raw=17.858
  gen62[0] raw=17.888
  gen62[1] raw=17.860
  gen62[4] FAIL
  gen62[5] FAIL
  gen62[7] FAIL
  gen62[3] raw=17.759
  gen62[6] raw=17.869
  gen62[8] raw=17.648
  gen62[9] raw=17.877
  gen62[10] raw=17.864
  gen62[11] raw=17.750
GEN 62 best_raw=17.8885 elite_mean=17.8781 champ=18.1430 [83.3s]
  gen63[1] raw=17.883
  gen63[0] raw=17.890
  gen63[2] raw=17.723
  gen63[4] raw=17.890
  gen63[3] raw=17.854
  gen63[5] raw=17.716
  gen63[6] FAIL
  gen63[7] raw=17.890
  gen63[8] raw=17.770
  gen63[9] raw=17.873
  gen63[10] raw=17.909
  gen63[11] raw=17.755
GEN 63 best_raw=17.9095 elite_mean=17.8966 champ=18.1430 [76.7s]
SIGMA_REFRESH gen=63 stall champ=18.1430 (was 18.1430)
  gen64[1] FAIL
  gen64[3] FAIL
  gen64[4] FAIL
  gen64[5] FAIL
  gen64[0] raw=17.655
  gen64[2] raw=17.436
  gen64[6] FAIL
  gen64[7] FAIL
  gen64[9] FAIL
  gen64[10] FAIL
  gen64[8] raw=17.635
  gen64[11] raw=17.574
GEN 64 best_raw=17.6551 elite_mean=17.6211 champ=18.1430 [49.5s]
  gen65[0] FAIL
  gen65[1] FAIL
  gen65[2] raw=17.576
  gen65[3] raw=17.708
  gen65[4] raw=17.648
  gen65[5] raw=17.604
  gen65[7] raw=17.705
  gen65[6] raw=17.786
  gen65[8] raw=17.572
  gen65[9] raw=17.594
  gen65[10] raw=17.631
  gen65[11] FAIL
GEN 65 best_raw=17.7864 elite_mean=17.7331 champ=18.1430 [84.0s]
  gen66[1] raw=17.871
  gen66[0] raw=17.584
  gen66[2] raw=17.854
  gen66[3] raw=17.551
  gen66[5] raw=17.726
  gen66[4] raw=17.626
  gen66[6] raw=17.751
  gen66[7] raw=17.722
  gen66[8] raw=17.749
  gen66[11] raw=17.857
  gen66[9] raw=17.647
  gen66[10] raw=17.748
GEN 66 best_raw=17.8707 elite_mean=17.8606 champ=18.1430 [79.4s]
  gen67[1] raw=17.712
  gen67[0] raw=17.866
  gen67[2] raw=17.801
  gen67[3] raw=17.870
  gen67[5] raw=17.866
  gen67[4] raw=17.879
  gen67[6] raw=17.805
  gen67[7] raw=17.698
  gen67[8] raw=17.720
  gen67[9] raw=17.560
  gen67[11] raw=17.730
  gen67[10] raw=17.719
GEN 67 best_raw=17.8785 elite_mean=17.8713 champ=18.1430 [52.2s]
  gen68[0] raw=17.732
  gen68[2] raw=17.858
  gen68[1] raw=17.899
  gen68[4] raw=17.773
  gen68[3] raw=17.867
  gen68[5] raw=17.708
  gen68[6] raw=17.906
  gen68[7] raw=17.732
  gen68[8] raw=17.868
  gen68[9] raw=17.882
  gen68[10] raw=17.889
  gen68[11] raw=17.836
GEN 68 best_raw=17.9057 elite_mean=17.8977 champ=18.1430 [50.3s]
  gen69[1] raw=17.892
  gen69[2] raw=17.736
  gen69[0] raw=17.737
  gen69[4] raw=17.745
  gen69[3] raw=17.866
  gen69[5] raw=17.898
  gen69[7] raw=17.726
  gen69[6] raw=17.727
  gen69[8] raw=17.729
  gen69[11] FAIL
  gen69[9] raw=17.906
  gen69[10] raw=17.858
GEN 69 best_raw=17.9064 elite_mean=17.8985 champ=18.1430 [47.3s]
  gen70[1] raw=17.747
EVOLVE_START 20260714T205659Z until-raw=50
CEM evolve_volley continuous=True until_raw>=50.0 pop=12 elite=3 start_gen=70 champ_raw=18.1430
  pool pol_workers=6 case_workers=2 (cpus=12)
  gen70[1] raw=17.751
  gen70[2] raw=17.479
  gen70[0] raw=17.970
  gen70[3] raw=17.715
  gen70[5] raw=17.601
  gen70[4] raw=17.860
  gen70[11] FAIL
  gen70[6] raw=17.873
  gen70[9] raw=17.707
  gen70[7] raw=17.878
  gen70[10] raw=17.861
  gen70[8] raw=17.951
GEN 70 best_raw=17.9696 elite_mean=17.9327 champ=18.1430 [47.4s]
  pool pol_workers=6 case_workers=2 (cpus=12)
  gen71[3] raw=17.748
  gen71[4] raw=17.724
  gen71[0] raw=17.768
  gen71[1] raw=17.991
  gen71[2] raw=17.825
  gen71[5] raw=17.873
  gen71[7] raw=17.723
  gen71[6] raw=17.588
  gen71[10] raw=17.556
  gen71[8] raw=17.723
  gen71[9] raw=17.988
  gen71[11] raw=17.841
GEN 71 best_raw=17.9906 elite_mean=17.9503 champ=18.1430 [52.5s]
  pool pol_workers=6 case_workers=2 (cpus=12)
  gen72[5] raw=17.974
  gen72[1] raw=17.957
  gen72[3] raw=17.956
  gen72[4] raw=18.091
  gen72[0] raw=17.984
  gen72[2] raw=17.980
  gen72[6] raw=17.584
  gen72[9] raw=18.108
  gen72[8] raw=17.934
  gen72[10] raw=17.983
  gen72[7] raw=17.869
  gen72[11] raw=18.123
GEN 72 best_raw=18.1230 elite_mean=18.1074 champ=18.1430 [52.7s]
  pool pol_workers=6 case_workers=2 (cpus=12)
  gen73[1] raw=17.857
  gen73[2] raw=17.844
  gen73[0] raw=17.993
  gen73[5] raw=18.088
  gen73[4] raw=17.828
  gen73[3] raw=17.966
  gen73[9] raw=17.825
  gen73[7] raw=17.858
  gen73[6] raw=17.974
  gen73[10] raw=17.840
  gen73[8] raw=17.965
  gen73[11] raw=17.860
GEN 73 best_raw=18.0875 elite_mean=18.0181 champ=18.1430 [49.9s]
  pool pol_workers=6 case_workers=2 (cpus=12)
  gen74[1] raw=17.486
  gen74[2] raw=17.704
  gen74[4] raw=17.834
  gen74[3] raw=17.861
  gen74[5] raw=17.873
  gen74[0] raw=17.852
  gen74[6] raw=17.974
  gen74[10] raw=17.871
  gen74[8] raw=18.101
  gen74[7] raw=17.708
  gen74[9] raw=17.873
  gen74[11] raw=17.991
GEN 74 best_raw=18.1008 elite_mean=18.0218 champ=18.1430 [49.8s]
  pool pol_workers=6 case_workers=2 (cpus=12)
  gen75[1] raw=17.986
  gen75[2] raw=17.701
  gen75[0] raw=18.110
  gen75[5] raw=17.806
  gen75[3] raw=17.853
  gen75[4] raw=17.991
  gen75[7] raw=17.861
  gen75[6] raw=17.982
  gen75[8] raw=17.774
  gen75[9] raw=17.861
  gen75[11] raw=17.558
  gen75[10] raw=17.948
GEN 75 best_raw=18.1104 elite_mean=18.0292 champ=18.1430 [48.9s]
  pool pol_workers=6 case_workers=2 (cpus=12)
  gen76[1] raw=17.853
  gen76[3] raw=17.718
  gen76[4] raw=17.857
  gen76[5] raw=17.862
  gen76[0] raw=17.873
  gen76[2] raw=17.951
  gen76[8] raw=17.861
  gen76[6] raw=18.111
  gen76[7] raw=17.793
  gen76[10] raw=17.961
  gen76[9] raw=18.117
  gen76[11] raw=17.750
GEN 76 best_raw=18.1172 elite_mean=18.0629 champ=18.1430 [51.1s]
  pool pol_workers=6 case_workers=2 (cpus=12)
  gen77[5] raw=17.862
  gen77[4] raw=17.988
  gen77[2] raw=17.974
  gen77[1] raw=17.989
  gen77[3] raw=18.111
  gen77[0] raw=17.723
  gen77[6] raw=17.859
  gen77[7] raw=17.873
  gen77[8] raw=17.971
  gen77[11] raw=17.707
  gen77[9] raw=17.971
  gen77[10] raw=17.839
GEN 77 best_raw=18.1106 elite_mean=18.0295 champ=18.1430 [45.8s]
SIGMA_REFRESH gen=77 stall champ=18.1430 (was 18.1430)
  pool pol_workers=6 case_workers=2 (cpus=12)
  gen78[4] FAIL
  gen78[3] FAIL
  gen78[2] FAIL
  gen78[5] FAIL
  gen78[0] FAIL
  gen78[6] FAIL
  gen78[9] FAIL
  gen78[8] FAIL
  gen78[10] FAIL
  gen78[7] FAIL
  gen78[1] raw=17.659
  gen78[11] raw=17.591
GEN 78 best_raw=17.6589 elite_mean=11.4166 champ=18.1430 [19.9s]
  pool pol_workers=6 case_workers=2 (cpus=12)
  gen79[0] FAIL
  gen79[5] FAIL
  gen79[4] FAIL
  gen79[2] FAIL
  gen79[9] FAIL
  gen79[7] FAIL
  gen79[3] raw=17.553
  gen79[1] raw=17.533
  gen79[6] raw=17.631
  gen79[8] raw=17.818
  gen79[11] raw=17.725
  gen79[10] raw=17.992
GEN 79 best_raw=17.9923 elite_mean=17.8452 champ=18.1430 [27.1s]
  pool pol_workers=6 case_workers=2 (cpus=12)
  gen80[0] raw=17.882
  gen80[2] raw=17.829
  gen80[1] raw=17.718
  gen80[3] raw=17.845
  gen80[5] raw=17.730
  gen80[4] raw=17.727
  gen80[10] FAIL
  gen80[8] raw=17.842
  gen80[9] raw=17.541
  gen80[11] raw=17.840
  gen80[6] raw=17.795
  gen80[7] raw=17.730
GEN 80 best_raw=17.8816 elite_mean=17.8561 champ=18.1430 [42.0s]
  pool pol_workers=6 case_workers=2 (cpus=12)
  gen81[0] raw=17.833
  gen81[4] raw=17.675
  gen81[1] raw=17.891
  gen81[5] raw=17.785
  gen81[2] raw=17.864
  gen81[3] raw=17.697
  gen81[6] raw=17.810
  gen81[8] raw=17.664
  gen81[9] raw=17.870
  gen81[10] raw=17.839
  gen81[11] raw=17.829
  gen81[7] raw=17.718
GEN 81 best_raw=17.8905 elite_mean=17.8748 champ=18.1430 [43.9s]
  pool pol_workers=6 case_workers=2 (cpus=12)
  gen82[0] FAIL
  gen82[2] FAIL
  gen82[4] FAIL
  gen82[7] FAIL
  gen82[5] raw=17.844
  gen82[1] raw=17.857
  gen82[3] raw=17.701
  gen82[8] raw=17.794
  gen82[6] raw=17.867
  gen82[9] raw=17.737
  gen82[11] raw=17.714
  gen82[10] raw=17.988
GEN 82 best_raw=17.9878 elite_mean=17.9039 champ=18.1430 [35.3s]
  pool pol_workers=6 case_workers=2 (cpus=12)
  gen83[4] FAIL
  gen83[5] raw=17.716
  gen83[1] raw=17.844
  gen83[2] raw=17.850
  gen83[3] raw=17.995
  gen83[0] raw=17.978
  gen83[7] FAIL
  gen83[8] FAIL
  gen83[6] raw=17.686
  gen83[9] raw=17.850
  gen83[10] raw=17.857
  gen83[11] raw=17.844
GEN 83 best_raw=17.9954 elite_mean=17.9435 champ=18.1430 [36.0s]
  pool pol_workers=6 case_workers=2 (cpus=12)
  gen84[4] FAIL
  gen84[5] raw=17.849
  gen84[3] raw=17.858
  gen84[2] raw=17.864
  gen84[0] raw=17.850
  gen84[1] raw=17.850
  gen84[10] FAIL
  gen84[6] raw=17.988
  gen84[9] raw=17.862
  gen84[7] raw=17.973
  gen84[8] raw=17.842
  gen84[11] raw=17.857
GEN 84 best_raw=17.9885 elite_mean=17.9420 champ=18.1430 [39.3s]
  pool pol_workers=6 case_workers=2 (cpus=12)
  gen85[2] raw=17.720
  gen85[3] raw=17.854
  gen85[4] raw=17.874
  gen85[1] raw=17.758
  gen85[0] raw=17.874
  gen85[5] raw=17.986
  gen85[9] FAIL
  gen85[7] FAIL
  gen85[8] FAIL
  gen85[10] raw=17.823
  gen85[6] raw=17.865
  gen85[11] raw=17.718
GEN 85 best_raw=17.9858 elite_mean=17.9114 champ=18.1430 [36.2s]
SIGMA_REFRESH gen=85 stall champ=18.1430 (was 18.1430)
  pool pol_workers=6 case_workers=2 (cpus=12)
  gen86[4] FAIL
  gen86[5] FAIL
  gen86[3] FAIL
  gen86[0] FAIL
  gen86[2] FAIL
  gen86[10] FAIL
  gen86[1] raw=17.732
  gen86[7] raw=17.736
  gen86[6] raw=17.583
  gen86[8] raw=17.571
  gen86[9] raw=17.888
  gen86[11] raw=17.865
GEN 86 best_raw=17.8876 elite_mean=17.8293 champ=18.1430 [27.1s]
  pool pol_workers=6 case_workers=2 (cpus=12)
  gen87[2] FAIL
  gen87[4] FAIL
  gen87[6] FAIL
  gen87[3] raw=17.881
  gen87[5] raw=17.679
  gen87[0] raw=17.737
  gen87[1] raw=17.737
  gen87[7] raw=17.727
  gen87[8] raw=17.732
  gen87[10] raw=17.840
  gen87[11] raw=17.701
  gen87[9] raw=17.710
GEN 87 best_raw=17.8808 elite_mean=17.8194 champ=18.1430 [36.8s]
  pool pol_workers=6 case_workers=2 (cpus=12)
  gen88[2] FAIL
  gen88[5] raw=17.871
  gen88[3] raw=17.549
  gen88[4] raw=17.695
  gen88[0] raw=17.848
  gen88[1] raw=17.714
  gen88[7] FAIL
  gen88[6] raw=17.871
  gen88[9] FAIL
  gen88[8] raw=17.862
  gen88[10] raw=17.864
  gen88[11] raw=17.748
GEN 88 best_raw=17.8709 elite_mean=17.8687 champ=18.1430 [43.8s]
  pool pol_workers=6 case_workers=2 (cpus=12)
  gen89[2] raw=17.749
  gen89[0] raw=17.859
  gen89[5] raw=17.871
  gen89[1] raw=17.866
  gen89[3] raw=17.867
  gen89[4] raw=17.845
  gen89[7] raw=17.859
  gen89[11] raw=17.847
  gen89[10] raw=17.705
  gen89[6] raw=17.846
  gen89[9] raw=17.549
  gen89[8] raw=17.869
GEN 89 best_raw=17.8706 elite_mean=17.8688 champ=18.1430 [58.1s]
  pool pol_workers=6 case_workers=2 (cpus=12)
  gen90[4] FAIL
  gen90[1] raw=17.861
  gen90[0] raw=17.696
  gen90[5] raw=17.704
  gen90[3] raw=17.735
  gen90[2] raw=17.747
  gen90[9] FAIL
  gen90[6] raw=17.582
  gen90[10] raw=17.876
  gen90[8] raw=17.861
  gen90[7] raw=17.845
  gen90[11] raw=17.732
GEN 90 best_raw=17.8757 elite_mean=17.8657 champ=18.1430 [53.7s]
  pool pol_workers=6 case_workers=2 (cpus=12)
  gen91[0] FAIL
  gen91[2] raw=17.636
  gen91[1] raw=17.870
  gen91[3] raw=17.872
  gen91[4] raw=17.846
  gen91[5] raw=17.867
  gen91[6] raw=17.770
  gen91[7] raw=17.859
  gen91[8] raw=17.815
  gen91[9] raw=17.861
  gen91[10] raw=17.884
  gen91[11] raw=17.860
GEN 91 best_raw=17.8844 elite_mean=17.8753 champ=18.1430 [45.6s]
  pool pol_workers=6 case_workers=2 (cpus=12)
  gen92[2] FAIL
  gen92[5] raw=17.837
  gen92[3] raw=17.845
  gen92[0] raw=17.865
  gen92[4] raw=17.859
  gen92[1] raw=17.730
  gen92[6] raw=17.862
  gen92[7] FAIL
  gen92[9] FAIL
  gen92[8] raw=17.903
  gen92[10] raw=17.869
  gen92[11] raw=17.876
GEN 92 best_raw=17.9025 elite_mean=17.8825 champ=18.1430 [39.3s]
  pool pol_workers=6 case_workers=2 (cpus=12)
  gen93[3] raw=17.730
  gen93[1] raw=17.874
  gen93[0] raw=17.876
  gen93[5] raw=17.869
  gen93[2] raw=17.868
  gen93[4] raw=17.864
  gen93[8] raw=17.862
  gen93[7] raw=17.885
  gen93[6] raw=17.852
  gen93[10] raw=17.730
  gen93[9] raw=17.888
  gen93[11] raw=17.846
GEN 93 best_raw=17.8875 elite_mean=17.8828 champ=18.1430 [51.9s]
SIGMA_REFRESH gen=93 stall champ=18.1430 (was 18.1430)
  pool pol_workers=6 case_workers=2 (cpus=12)
  gen94[1] FAIL
  gen94[4] FAIL
  gen94[0] FAIL
  gen94[2] FAIL
  gen94[5] FAIL
  gen94[8] FAIL
  gen94[6] FAIL
  gen94[7] FAIL
  gen94[9] FAIL
  gen94[11] FAIL
  gen94[3] raw=17.718
  gen94[10] raw=17.343
GEN 94 best_raw=17.7181 elite_mean=11.3536 champ=18.1430 [46.0s]
  pool pol_workers=6 case_workers=2 (cpus=12)
  gen95[0] FAIL
  gen95[2] FAIL
  gen95[4] FAIL
  gen95[6] FAIL
  gen95[8] FAIL
  gen95[5] raw=17.676
  gen95[3] raw=17.855
  gen95[1] raw=17.591
  gen95[7] raw=17.690
  gen95[9] raw=18.001
  gen95[10] raw=17.860
  gen95[11] raw=17.739
GEN 95 best_raw=18.0014 elite_mean=17.9056 champ=18.1430 [68.0s]
  pool pol_workers=6 case_workers=2 (cpus=12)
  gen96[1] FAIL
  gen96[3] FAIL
  gen96[5] raw=17.873
  gen96[0] raw=17.727
  gen96[2] raw=17.885
  gen96[4] raw=17.834
  gen96[6] raw=17.710
  gen96[7] raw=17.705
  gen96[9] raw=17.827
  gen96[8] raw=17.864
  gen96[11] raw=17.379
  gen96[10] raw=17.866
GEN 96 best_raw=17.8854 elite_mean=17.8747 champ=18.1430 [63.3s]
  pool pol_workers=6 case_workers=2 (cpus=12)
