PROGRESSION /mnt/openfoam/pingpong-venv/progression/20260714T194442Z_v229_focus_smoke policy=/mnt/openfoam/pingpong-venv/repair_work/policy_v229.py suite=focus n=5
  [1/5] render nominal ...
    sc=0.7120 bg=4
  [2/5] render range_424242_000 ...
    sc=0.2730 bg=3
  [3/5] render range_424242_002 ...
    sc=0.2180 bg=2
  [4/5] render range_424242_006 ...
    sc=0.2022 bg=2
  [5/5] render range_424242_011 ...
    sc=0.2094 bg=2
AGGREGATE raw=25.2374 mbg=2.600 -> /mnt/openfoam/pingpong-venv/progression/20260714T194442Z_v229_focus_smoke
POINTER /mnt/openfoam/pingpong-venv/progression/overnight_log/last_progression.json

# detach 2026-07-14T19:46:24.097049+00:00 /mnt/openfoam/pingpong-venv/.venv/bin/python /mnt/openfoam/pingpong-venv/repair_work/write_champ_progression.py --policy /mnt/openfoam/pingpong-venv/progression/_staging/20260714T194624Z_policy_v229/policy.py --suite focus --root /mnt/openfoam/pingpong-venv/progression --no-snapshot --label detach_smoke_v229
PROGRESSION /mnt/openfoam/pingpong-venv/progression/20260714T194624Z_detach_smoke_v229 policy=/mnt/openfoam/pingpong-venv/progression/_staging/20260714T194624Z_policy_v229/policy.py suite=focus n=5
  [1/5] render nominal ...
    sc=0.7120 bg=4
  [2/5] render range_424242_000 ...
    sc=0.2730 bg=3
  [3/5] render range_424242_002 ...

# detach 2026-07-14T19:46:47.175715+00:00 /mnt/openfoam/pingpong-venv/.venv/bin/python /mnt/openfoam/pingpong-venv/repair_work/write_champ_progression.py --policy /mnt/openfoam/pingpong-venv/progression/_staging/20260714T194647Z_policy_evolved_g3/policy.py --suite focus --root /mnt/openfoam/pingpong-venv/progression --no-snapshot --label evolved_g3_focus
PROGRESSION /mnt/openfoam/pingpong-venv/progression/20260714T194647Z_evolved_g3_focus policy=/mnt/openfoam/pingpong-venv/progression/_staging/20260714T194647Z_policy_evolved_g3/policy.py suite=focus n=5
  [1/5] render nominal ...
    sc=0.2180 bg=2
  [4/5] render range_424242_006 ...
    sc=0.7120 bg=4
  [2/5] render range_424242_000 ...
    sc=0.2022 bg=2
  [5/5] render range_424242_011 ...
    sc=0.2730 bg=3
  [3/5] render range_424242_002 ...
    sc=0.2094 bg=2
AGGREGATE raw=25.2374 mbg=2.600 -> /mnt/openfoam/pingpong-venv/progression/20260714T194624Z_detach_smoke_v229
POINTER /mnt/openfoam/pingpong-venv/progression/overnight_log/last_progression.json
    sc=0.2076 bg=2
  [4/5] render range_424242_006 ...
    sc=0.2646 bg=3
  [5/5] render range_424242_011 ...
    sc=0.2022 bg=2
AGGREGATE raw=25.7248 mbg=2.800 -> /mnt/openfoam/pingpong-venv/progression/20260714T194647Z_evolved_g3_focus
POINTER /mnt/openfoam/pingpong-venv/progression/overnight_log/last_progression.json

# evolve install progression 20260714T195251Z

# detach 2026-07-14T19:52:51.596163+00:00 /mnt/openfoam/pingpong-venv/.venv/bin/python /mnt/openfoam/pingpong-venv/repair_work/write_champ_progression.py --policy /mnt/openfoam/pingpong-venv/progression/_staging/20260714T195251Z_policy_evolved_g5/policy.py --suite focus --root /mnt/openfoam/pingpong-venv/progression --no-snapshot --label policy_evolved_g5_focus
PROGRESSION_DETACHED pid=1857127 staging=/mnt/openfoam/pingpong-venv/progression/_staging/20260714T195251Z_policy_evolved_g5 log=/mnt/openfoam/pingpong-venv/progression/overnight_log/progression_write.log
PROGRESSION /mnt/openfoam/pingpong-venv/progression/20260714T195252Z_policy_evolved_g5_focus policy=/mnt/openfoam/pingpong-venv/progression/_staging/20260714T195251Z_policy_evolved_g5/policy.py suite=focus n=5
  [1/5] render nominal ...
    sc=0.7120 bg=4
  [2/5] render range_424242_000 ...
    sc=0.2730 bg=3
  [3/5] render range_424242_002 ...
    sc=0.2646 bg=3
  [4/5] render range_424242_006 ...
    sc=0.2646 bg=3
  [5/5] render range_424242_011 ...
    sc=0.2022 bg=2
AGGREGATE raw=28.0048 mbg=3.000 -> /mnt/openfoam/pingpong-venv/progression/20260714T195252Z_policy_evolved_g5_focus
POINTER /mnt/openfoam/pingpong-venv/progression/overnight_log/last_progression.json

# evolve install progression 20260714T195744Z

# detach 2026-07-14T19:57:45.193551+00:00 /mnt/openfoam/pingpong-venv/.venv/bin/python /mnt/openfoam/pingpong-venv/repair_work/write_champ_progression.py --policy /mnt/openfoam/pingpong-venv/progression/_staging/20260714T195745Z_policy_evolved_g10/policy.py --suite focus --root /mnt/openfoam/pingpong-venv/progression --no-snapshot --label policy_evolved_g10_focus
PROGRESSION_DETACHED pid=1873497 staging=/mnt/openfoam/pingpong-venv/progression/_staging/20260714T195745Z_policy_evolved_g10 log=/mnt/openfoam/pingpong-venv/progression/overnight_log/progression_write.log
PROGRESSION /mnt/openfoam/pingpong-venv/progression/20260714T195745Z_policy_evolved_g10_focus policy=/mnt/openfoam/pingpong-venv/progression/_staging/20260714T195745Z_policy_evolved_g10/policy.py suite=focus n=5
  [1/5] render nominal ...
    sc=0.7120 bg=4
  [2/5] render range_424242_000 ...
    sc=0.2730 bg=3
  [3/5] render range_424242_002 ...
    sc=0.2646 bg=3
  [4/5] render range_424242_006 ...
    sc=0.2646 bg=3
  [5/5] render range_424242_011 ...
    sc=0.2104 bg=2
AGGREGATE raw=28.1028 mbg=3.000 -> /mnt/openfoam/pingpong-venv/progression/20260714T195745Z_policy_evolved_g10_focus
POINTER /mnt/openfoam/pingpong-venv/progression/overnight_log/last_progression.json

# evolve install progression 20260714T200420Z

# detach 2026-07-14T20:04:20.477461+00:00 /mnt/openfoam/pingpong-venv/.venv/bin/python /mnt/openfoam/pingpong-venv/repair_work/write_champ_progression.py --policy /mnt/openfoam/pingpong-venv/progression/_staging/20260714T200420Z_policy_evolved_g5/policy.py --suite focus --root /mnt/openfoam/pingpong-venv/progression --no-snapshot --label policy_evolved_g5_focus
PROGRESSION_DETACHED pid=1905831 staging=/mnt/openfoam/pingpong-venv/progression/_staging/20260714T200420Z_policy_evolved_g5 log=/mnt/openfoam/pingpong-venv/progression/overnight_log/progression_write.log
PROGRESSION /mnt/openfoam/pingpong-venv/progression/20260714T200420Z_policy_evolved_g5_focus policy=/mnt/openfoam/pingpong-venv/progression/_staging/20260714T200420Z_policy_evolved_g5/policy.py suite=focus n=5
  [1/5] render nominal ...
    sc=0.7120 bg=4
  [2/5] render range_424242_000 ...
    sc=0.2730 bg=3
  [3/5] render range_424242_002 ...
    sc=0.2646 bg=3
  [4/5] render range_424242_006 ...
    sc=0.2646 bg=3
  [5/5] render range_424242_011 ...
    sc=0.2022 bg=2
AGGREGATE raw=28.0048 mbg=3.000 -> /mnt/openfoam/pingpong-venv/progression/20260714T200420Z_policy_evolved_g5_focus
POINTER /mnt/openfoam/pingpong-venv/progression/overnight_log/last_progression.json

# evolve install progression 20260714T200611Z

# detach 2026-07-14T20:06:11.248650+00:00 /mnt/openfoam/pingpong-venv/.venv/bin/python /mnt/openfoam/pingpong-venv/repair_work/write_champ_progression.py --policy /mnt/openfoam/pingpong-venv/progression/_staging/20260714T200611Z_policy_evolved_g7/policy.py --suite focus --root /mnt/openfoam/pingpong-venv/progression --no-snapshot --label policy_evolved_g7_focus
PROGRESSION_DETACHED pid=1912244 staging=/mnt/openfoam/pingpong-venv/progression/_staging/20260714T200611Z_policy_evolved_g7 log=/mnt/openfoam/pingpong-venv/progression/overnight_log/progression_write.log
PROGRESSION /mnt/openfoam/pingpong-venv/progression/20260714T200611Z_policy_evolved_g7_focus policy=/mnt/openfoam/pingpong-venv/progression/_staging/20260714T200611Z_policy_evolved_g7/policy.py suite=focus n=5
  [1/5] render nominal ...
    sc=0.7120 bg=4
  [2/5] render range_424242_000 ...
    sc=0.2730 bg=3
  [3/5] render range_424242_002 ...
    sc=0.2646 bg=3
  [4/5] render range_424242_006 ...
    sc=0.2731 bg=3
  [5/5] render range_424242_011 ...
    sc=0.2022 bg=2
AGGREGATE raw=28.1064 mbg=3.000 -> /mnt/openfoam/pingpong-venv/progression/20260714T200611Z_policy_evolved_g7_focus
POINTER /mnt/openfoam/pingpong-venv/progression/overnight_log/last_progression.json

# evolve install progression 20260714T200803Z

# detach 2026-07-14T20:08:03.987076+00:00 /mnt/openfoam/pingpong-venv/.venv/bin/python /mnt/openfoam/pingpong-venv/repair_work/write_champ_progression.py --policy /mnt/openfoam/pingpong-venv/progression/_staging/20260714T200803Z_policy_evolved_g9/policy.py --suite focus --root /mnt/openfoam/pingpong-venv/progression --no-snapshot --label policy_evolved_g9_focus
PROGRESSION_DETACHED pid=1918464 staging=/mnt/openfoam/pingpong-venv/progression/_staging/20260714T200803Z_policy_evolved_g9 log=/mnt/openfoam/pingpong-venv/progression/overnight_log/progression_write.log
PROGRESSION /mnt/openfoam/pingpong-venv/progression/20260714T200804Z_policy_evolved_g9_focus policy=/mnt/openfoam/pingpong-venv/progression/_staging/20260714T200803Z_policy_evolved_g9/policy.py suite=focus n=5
  [1/5] render nominal ...
    sc=0.7120 bg=4
  [2/5] render range_424242_000 ...
    sc=0.2730 bg=3
  [3/5] render range_424242_002 ...
    sc=0.2646 bg=3
  [4/5] render range_424242_006 ...
    sc=0.2731 bg=3
  [5/5] render range_424242_011 ...
    sc=0.2022 bg=2
AGGREGATE raw=28.1064 mbg=3.000 -> /mnt/openfoam/pingpong-venv/progression/20260714T200804Z_policy_evolved_g9_focus
POINTER /mnt/openfoam/pingpong-venv/progression/overnight_log/last_progression.json

# evolve install progression 20260714T201030Z

# detach 2026-07-14T20:10:30.819204+00:00 /mnt/openfoam/pingpong-venv/.venv/bin/python /mnt/openfoam/pingpong-venv/repair_work/write_champ_progression.py --policy /mnt/openfoam/pingpong-venv/progression/_staging/20260714T201030Z_policy_evolved_g12/policy.py --suite focus --root /mnt/openfoam/pingpong-venv/progression --no-snapshot --label policy_evolved_g12_focus
PROGRESSION_DETACHED pid=1926777 staging=/mnt/openfoam/pingpong-venv/progression/_staging/20260714T201030Z_policy_evolved_g12 log=/mnt/openfoam/pingpong-venv/progression/overnight_log/progression_write.log
PROGRESSION /mnt/openfoam/pingpong-venv/progression/20260714T201031Z_policy_evolved_g12_focus policy=/mnt/openfoam/pingpong-venv/progression/_staging/20260714T201030Z_policy_evolved_g12/policy.py suite=focus n=5
  [1/5] render nominal ...
    sc=0.7120 bg=4
  [2/5] render range_424242_000 ...
    sc=0.2730 bg=3
  [3/5] render range_424242_002 ...
    sc=0.2646 bg=3
  [4/5] render range_424242_006 ...
    sc=0.2731 bg=3
  [5/5] render range_424242_011 ...
    sc=0.2099 bg=2
AGGREGATE raw=28.1991 mbg=3.000 -> /mnt/openfoam/pingpong-venv/progression/20260714T201031Z_policy_evolved_g12_focus
POINTER /mnt/openfoam/pingpong-venv/progression/overnight_log/last_progression.json

# evolve install progression 20260715T004846Z

# detach 2026-07-15T00:48:46.587233+00:00 /mnt/openfoam/pingpong-venv/.venv/bin/python /mnt/openfoam/pingpong-venv/repair_work/write_champ_progression.py --policy /mnt/openfoam/pingpong-venv/progression/_staging/20260715T004846Z_policy_evolved_g396/policy.py --suite focus --root /mnt/openfoam/pingpong-venv/progression --no-snapshot --label policy_evolved_g396_focus
PROGRESSION_DETACHED pid=2568721 staging=/mnt/openfoam/pingpong-venv/progression/_staging/20260715T004846Z_policy_evolved_g396 log=/mnt/openfoam/pingpong-venv/progression/overnight_log/progression_write.log
PROGRESSION /mnt/openfoam/pingpong-venv/progression/20260715T004847Z_policy_evolved_g396_focus policy=/mnt/openfoam/pingpong-venv/progression/_staging/20260715T004846Z_policy_evolved_g396/policy.py suite=focus n=5
  [1/5] render nominal ...
    sc=0.7120 bg=4
  [2/5] render range_424242_000 ...
    sc=0.2730 bg=3
  [3/5] render range_424242_002 ...
    sc=0.2117 bg=2
  [4/5] render range_424242_006 ...
    sc=0.2646 bg=3
  [5/5] render range_424242_011 ...
    sc=0.2022 bg=2
AGGREGATE raw=25.8888 mbg=2.800 -> /mnt/openfoam/pingpong-venv/progression/20260715T004847Z_policy_evolved_g396_focus
POINTER /mnt/openfoam/pingpong-venv/progression/overnight_log/last_progression.json

# evolve install progression 20260715T015539Z

# detach 2026-07-15T01:55:39.689788+00:00 /mnt/openfoam/pingpong-venv/.venv/bin/python /mnt/openfoam/pingpong-venv/repair_work/write_champ_progression.py --policy /mnt/openfoam/pingpong-venv/progression/_staging/20260715T015539Z_policy_evolved_g497/policy.py --suite focus --root /mnt/openfoam/pingpong-venv/progression --no-snapshot --label policy_evolved_g497_focus
PROGRESSION_DETACHED pid=2702338 staging=/mnt/openfoam/pingpong-venv/progression/_staging/20260715T015539Z_policy_evolved_g497 log=/mnt/openfoam/pingpong-venv/progression/overnight_log/progression_write.log
PROGRESSION /mnt/openfoam/pingpong-venv/progression/20260715T015539Z_policy_evolved_g497_focus policy=/mnt/openfoam/pingpong-venv/progression/_staging/20260715T015539Z_policy_evolved_g497/policy.py suite=focus n=5
  [1/5] render nominal ...
    sc=0.7120 bg=4
  [2/5] render range_424242_000 ...
    sc=0.2730 bg=3
  [3/5] render range_424242_002 ...
    sc=0.2083 bg=2
  [4/5] render range_424242_006 ...
    sc=0.2646 bg=3
  [5/5] render range_424242_011 ...
    sc=0.2022 bg=2
AGGREGATE raw=25.7516 mbg=2.800 -> /mnt/openfoam/pingpong-venv/progression/20260715T015539Z_policy_evolved_g497_focus
POINTER /mnt/openfoam/pingpong-venv/progression/overnight_log/last_progression.json

# evolve install progression 20260715T061844Z

# detach 2026-07-15T06:18:44.696448+00:00 /mnt/openfoam/pingpong-venv/.venv/bin/python /mnt/openfoam/pingpong-venv/repair_work/write_champ_progression.py --policy /mnt/openfoam/pingpong-venv/progression/_staging/20260715T061844Z_policy_evolved_g883/policy.py --suite focus --root /mnt/openfoam/pingpong-venv/progression --no-snapshot --label policy_evolved_g883_focus
PROGRESSION_DETACHED pid=3233147 staging=/mnt/openfoam/pingpong-venv/progression/_staging/20260715T061844Z_policy_evolved_g883 log=/mnt/openfoam/pingpong-venv/progression/overnight_log/progression_write.log
PROGRESSION /mnt/openfoam/pingpong-venv/progression/20260715T061844Z_policy_evolved_g883_focus policy=/mnt/openfoam/pingpong-venv/progression/_staging/20260715T061844Z_policy_evolved_g883/policy.py suite=focus n=5
  [1/5] render nominal ...
    sc=0.7120 bg=4
  [2/5] render range_424242_000 ...
    sc=0.2730 bg=3
  [3/5] render range_424242_002 ...
    sc=0.2022 bg=2
  [4/5] render range_424242_006 ...
    sc=0.2646 bg=3
  [5/5] render range_424242_011 ...
    sc=0.2022 bg=2
AGGREGATE raw=25.5088 mbg=2.800 -> /mnt/openfoam/pingpong-venv/progression/20260715T061844Z_policy_evolved_g883_focus
POINTER /mnt/openfoam/pingpong-venv/progression/overnight_log/last_progression.json

# evolve install progression 20260715T062100Z

# detach 2026-07-15T06:21:00.198530+00:00 /mnt/openfoam/pingpong-venv/.venv/bin/python /mnt/openfoam/pingpong-venv/repair_work/write_champ_progression.py --policy /mnt/openfoam/pingpong-venv/progression/_staging/20260715T062100Z_policy_evolved_g886/policy.py --suite focus --root /mnt/openfoam/pingpong-venv/progression --no-snapshot --label policy_evolved_g886_focus
PROGRESSION_DETACHED pid=3238107 staging=/mnt/openfoam/pingpong-venv/progression/_staging/20260715T062100Z_policy_evolved_g886 log=/mnt/openfoam/pingpong-venv/progression/overnight_log/progression_write.log
PROGRESSION /mnt/openfoam/pingpong-venv/progression/20260715T062100Z_policy_evolved_g886_focus policy=/mnt/openfoam/pingpong-venv/progression/_staging/20260715T062100Z_policy_evolved_g886/policy.py suite=focus n=5
  [1/5] render nominal ...
    sc=0.7120 bg=4
  [2/5] render range_424242_000 ...
    sc=0.2730 bg=3
  [3/5] render range_424242_002 ...
    sc=0.2157 bg=2
  [4/5] render range_424242_006 ...
    sc=0.5177 bg=3
  [5/5] render range_424242_011 ...
    sc=0.2095 bg=2
AGGREGATE raw=29.1760 mbg=2.800 -> /mnt/openfoam/pingpong-venv/progression/20260715T062100Z_policy_evolved_g886_focus
POINTER /mnt/openfoam/pingpong-venv/progression/overnight_log/last_progression.json

# detach 2026-07-15T19:01:36.933594+00:00 /mnt/openfoam/pingpong-venv/.venv/bin/python /mnt/openfoam/pingpong-venv/repair_work/write_champ_progression.py --policy /mnt/openfoam/pingpong-venv/progression/_staging/20260715T190136Z_policy_evolved_ci_20260715T185748Z/policy.py --suite heldout --root /mnt/openfoam/pingpong-venv/progression --no-snapshot --label policy_evolved_ci_20260715T185748Z_heldout
PROGRESSION /mnt/openfoam/pingpong-venv/progression/20260715T190137Z_policy_evolved_ci_20260715T185748Z_heldout policy=/mnt/openfoam/pingpong-venv/progression/_staging/20260715T190136Z_policy_evolved_ci_20260715T185748Z/policy.py suite=heldout n=28
  [1/28] render nominal ...
    sc=0.7120 bg=4
  [2/28] render ball_x_pos ...
    sc=0.3833 bg=4
  [3/28] render ball_y_pos ...
    sc=0.2076 bg=2
  [4/28] render low_fast ...
    sc=0.3927 bg=4
  [5/28] render range_424242_000 ...
    sc=0.2730 bg=3
  [6/28] render range_424242_001 ...
    sc=0.2076 bg=2
  [7/28] render range_424242_002 ...
    sc=0.2157 bg=2
  [8/28] render range_424242_003 ...
    sc=0.1680 bg=2
  [9/28] render range_424242_004 ...
    sc=0.2076 bg=2
  [10/28] render range_424242_005 ...
    sc=0.2076 bg=2
  [11/28] render range_424242_006 ...
    sc=0.5177 bg=3
  [12/28] render range_424242_007 ...
    sc=0.3579 bg=2
  [13/28] render range_424242_008 ...
    sc=0.1398 bg=1
  [14/28] render range_424242_009 ...
    sc=0.3754 bg=2
  [15/28] render range_424242_010 ...
    sc=0.2076 bg=2
  [16/28] render range_424242_011 ...
    sc=0.2095 bg=2
  [17/28] render range_424242_012 ...
    sc=0.2177 bg=2
  [18/28] render range_424242_013 ...
    sc=0.1398 bg=1
  [19/28] render range_424242_014 ...
    sc=0.2076 bg=2
  [20/28] render range_424242_015 ...
    sc=0.1506 bg=1
  [21/28] render edge_low_fast_delay6 ...
    sc=0.2076 bg=2
  [22/28] render edge_high_slow_delay3 ...
    sc=0.2646 bg=3
  [23/28] render edge_crosswind_a ...
    sc=0.2076 bg=2
  [24/28] render edge_crosswind_b ...
    sc=0.1398 bg=1
  [25/28] render edge_noise_delay6 ...
    sc=0.2011 bg=2
  [26/28] render edge_jitter_only ...
    sc=0.2009 bg=2
  [27/28] render edge_initial_offsets_a ...
    sc=0.1424 bg=1
  [28/28] render edge_initial_offsets_b ...
    sc=0.1344 bg=1
AGGREGATE raw=20.3884 mbg=2.107 -> /mnt/openfoam/pingpong-venv/progression/20260715T190137Z_policy_evolved_ci_20260715T185748Z_heldout
POINTER /mnt/openfoam/pingpong-venv/progression/overnight_log/last_progression.json

# detach 2026-07-15T21:51:25.979273+00:00 /mnt/openfoam/pingpong-venv/.venv/bin/python /mnt/openfoam/pingpong-venv/repair_work/write_champ_progression.py --policy /mnt/openfoam/pingpong-venv/progression/_staging/20260715T215125Z_policy_evolved_ci_20260715T185748Z/policy.py --suite heldout --root /mnt/openfoam/pingpong-venv/progression --no-snapshot
PROGRESSION /mnt/openfoam/pingpong-venv/progression/20260715T215126Z_policy_evolved_ci_20260715T185748Z_heldout policy=/mnt/openfoam/pingpong-venv/progression/_staging/20260715T215125Z_policy_evolved_ci_20260715T185748Z/policy.py suite=heldout n=28
  [1/28] render nominal ...
    sc=0.7744 bg=4
  [2/28] render ball_x_pos ...
    sc=0.2646 bg=3
  [3/28] render ball_y_pos ...
    sc=0.2076 bg=2
  [4/28] render low_fast ...
    sc=0.2646 bg=3
  [5/28] render range_424242_000 ...
    sc=0.2076 bg=2
  [6/28] render range_424242_001 ...
    sc=0.2076 bg=2
  [7/28] render range_424242_002 ...
    sc=0.2157 bg=2
  [8/28] render range_424242_003 ...
    sc=0.1368 bg=1
  [9/28] render range_424242_004 ...
    sc=0.2076 bg=2
  [10/28] render range_424242_005 ...
    sc=0.2076 bg=2
  [11/28] render range_424242_006 ...
    sc=0.5175 bg=3
  [12/28] render range_424242_007 ...
    sc=0.2022 bg=2
  [13/28] render range_424242_008 ...
    sc=0.1398 bg=1
  [14/28] render range_424242_009 ...
    sc=0.1961 bg=2
  [15/28] render range_424242_010 ...
    sc=0.2076 bg=2
  [16/28] render range_424242_011 ...
    sc=0.2095 bg=2
  [17/28] render range_424242_012 ...
    sc=0.2076 bg=2
  [18/28] render range_424242_013 ...
    sc=0.1398 bg=1
  [19/28] render range_424242_014 ...
    sc=0.2163 bg=2
  [20/28] render range_424242_015 ...

# window_improve render queue 20260715T175455Z

# detach 2026-07-15T21:54:55.974603+00:00 /mnt/openfoam/pingpong-venv/.venv/bin/python /mnt/openfoam/pingpong-venv/repair_work/write_champ_progression.py --policy /mnt/openfoam/pingpong-venv/progression/_staging/20260715T215455Z_policy_evolved_ci_20260715T185748Z/policy.py --suite focus --root /mnt/openfoam/pingpong-venv/progression --no-snapshot
PROGRESSION_DETACHED pid=770316 staging=/mnt/openfoam/pingpong-venv/progression/_staging/20260715T215455Z_policy_evolved_ci_20260715T185748Z log=/mnt/openfoam/pingpong-venv/progression/overnight_log/progression_write.log
PROGRESSION /mnt/openfoam/pingpong-venv/progression/20260715T215456Z_policy_evolved_ci_20260715T185748Z_focus policy=/mnt/openfoam/pingpong-venv/progression/_staging/20260715T215455Z_policy_evolved_ci_20260715T185748Z/policy.py suite=focus n=5
  [1/5] render nominal ...

# window_improve render queue 20260715T175508Z

# detach 2026-07-15T21:55:08.613537+00:00 /mnt/openfoam/pingpong-venv/.venv/bin/python /mnt/openfoam/pingpong-venv/repair_work/write_champ_progression.py --policy /mnt/openfoam/pingpong-venv/progression/_staging/20260715T215508Z_policy_evolved_ci_20260715T185748Z/policy.py --suite focus --root /mnt/openfoam/pingpong-venv/progression --no-snapshot
PROGRESSION_DETACHED pid=770614 staging=/mnt/openfoam/pingpong-venv/progression/_staging/20260715T215508Z_policy_evolved_ci_20260715T185748Z log=/mnt/openfoam/pingpong-venv/progression/overnight_log/progression_write.log
PROGRESSION /mnt/openfoam/pingpong-venv/progression/20260715T215509Z_policy_evolved_ci_20260715T185748Z_focus policy=/mnt/openfoam/pingpong-venv/progression/_staging/20260715T215508Z_policy_evolved_ci_20260715T185748Z/policy.py suite=focus n=5
  [1/5] render nominal ...
    sc=0.1506 bg=1
  [21/28] render edge_low_fast_delay6 ...
    sc=0.7002 bg=4
  [2/5] render range_424242_000 ...
    sc=0.7571 bg=4
  [2/5] render range_424242_000 ...
    sc=0.2076 bg=2
  [22/28] render edge_high_slow_delay3 ...
    sc=0.2076 bg=2
  [3/5] render range_424242_002 ...
    sc=0.2076 bg=2
  [3/5] render range_424242_002 ...
    sc=0.2022 bg=2
  [23/28] render edge_crosswind_a ...
    sc=0.2157 bg=2
  [4/5] render range_424242_006 ...
    sc=0.2157 bg=2
  [4/5] render range_424242_006 ...
    sc=0.2076 bg=2
  [24/28] render edge_crosswind_b ...
    sc=0.5175 bg=3
  [5/5] render range_424242_011 ...
    sc=0.5175 bg=3
  [5/5] render range_424242_011 ...
    sc=0.1398 bg=1
  [25/28] render edge_noise_delay6 ...
    sc=0.2095 bg=2
AGGREGATE raw=28.0746 mbg=2.600 -> /mnt/openfoam/pingpong-venv/progression/20260715T215456Z_policy_evolved_ci_20260715T185748Z_focus
POINTER /mnt/openfoam/pingpong-venv/progression/overnight_log/last_progression.json
    sc=0.2095 bg=2
AGGREGATE raw=28.7574 mbg=2.600 -> /mnt/openfoam/pingpong-venv/progression/20260715T215509Z_policy_evolved_ci_20260715T185748Z_focus
POINTER /mnt/openfoam/pingpong-venv/progression/overnight_log/last_progression.json
    sc=0.2002 bg=2
  [26/28] render edge_jitter_only ...
    sc=0.2033 bg=2
  [27/28] render edge_initial_offsets_a ...
    sc=0.1260 bg=1
  [28/28] render edge_initial_offsets_b ...
    sc=0.1344 bg=1
AGGREGATE raw=18.6769 mbg=1.929 -> /mnt/openfoam/pingpong-venv/progression/20260715T215126Z_policy_evolved_ci_20260715T185748Z_heldout
POINTER /mnt/openfoam/pingpong-venv/progression/overnight_log/last_progression.json

# detach 2026-07-16T03:52:14.433789+00:00 /mnt/openfoam/pingpong-venv/.venv/bin/python /mnt/openfoam/pingpong-venv/repair_work/write_champ_progression.py --policy /mnt/openfoam/pingpong-venv/progression/_staging/20260716T035214Z_policy_evolved_ci_20260715T185748Z/policy.py --suite heldout --root /mnt/openfoam/pingpong-venv/progression --no-snapshot
PROGRESSION_DETACHED pid=1241210 staging=/mnt/openfoam/pingpong-venv/progression/_staging/20260716T035214Z_policy_evolved_ci_20260715T185748Z log=/mnt/openfoam/pingpong-venv/progression/overnight_log/progression_write.log
PROGRESSION /mnt/openfoam/pingpong-venv/progression/20260716T035214Z_policy_evolved_ci_20260715T185748Z_heldout policy=/mnt/openfoam/pingpong-venv/progression/_staging/20260716T035214Z_policy_evolved_ci_20260715T185748Z/policy.py suite=heldout n=28
  [1/28] render nominal ...
    sc=0.2646 bg=3
  [2/28] render ball_x_pos ...
    sc=0.2646 bg=3
  [3/28] render ball_y_pos ...
    sc=0.2076 bg=2
  [4/28] render low_fast ...
    sc=0.2076 bg=2
  [5/28] render range_424242_000 ...
    sc=0.2076 bg=2
  [6/28] render range_424242_001 ...
    sc=0.2076 bg=2
  [7/28] render range_424242_002 ...
    sc=0.2157 bg=2
  [8/28] render range_424242_003 ...
    sc=0.1263 bg=1
  [9/28] render range_424242_004 ...
    sc=0.2009 bg=2
  [10/28] render range_424242_005 ...
    sc=0.2076 bg=2
  [11/28] render range_424242_006 ...
    sc=0.2646 bg=3
  [12/28] render range_424242_007 ...
    sc=0.2022 bg=2
  [13/28] render range_424242_008 ...
    sc=0.1398 bg=1
  [14/28] render range_424242_009 ...
    sc=0.1961 bg=2
  [15/28] render range_424242_010 ...
    sc=0.2076 bg=2
  [16/28] render range_424242_011 ...
    sc=0.2095 bg=2
  [17/28] render range_424242_012 ...
    sc=0.2180 bg=2
  [18/28] render range_424242_013 ...
    sc=0.1398 bg=1
  [19/28] render range_424242_014 ...
    sc=0.2190 bg=2
  [20/28] render range_424242_015 ...
    sc=0.1506 bg=1
  [21/28] render edge_low_fast_delay6 ...
    sc=0.2076 bg=2
  [22/28] render edge_high_slow_delay3 ...
    sc=0.2646 bg=3
  [23/28] render edge_crosswind_a ...
    sc=0.2076 bg=2
  [24/28] render edge_crosswind_b ...
    sc=0.1398 bg=1
  [25/28] render edge_noise_delay6 ...
    sc=0.1990 bg=2
  [26/28] render edge_jitter_only ...
    sc=0.1680 bg=2
  [27/28] render edge_initial_offsets_a ...
    sc=0.1260 bg=1
  [28/28] render edge_initial_offsets_b ...
    sc=0.1344 bg=1
AGGREGATE raw=16.3773 mbg=1.893 -> /mnt/openfoam/pingpong-venv/progression/20260716T035214Z_policy_evolved_ci_20260715T185748Z_heldout
POINTER /mnt/openfoam/pingpong-venv/progression/overnight_log/last_progression.json

# detach 2026-07-16T04:04:10.548682+00:00 /mnt/openfoam/pingpong-venv/.venv/bin/python /mnt/openfoam/pingpong-venv/repair_work/write_champ_progression.py --policy /mnt/openfoam/pingpong-venv/progression/_staging/20260716T040410Z_policy_evolved_ci_20260715T185748Z/policy.py --suite heldout --root /mnt/openfoam/pingpong-venv/progression --no-snapshot
PROGRESSION_DETACHED pid=1261486 staging=/mnt/openfoam/pingpong-venv/progression/_staging/20260716T040410Z_policy_evolved_ci_20260715T185748Z log=/mnt/openfoam/pingpong-venv/progression/overnight_log/progression_write.log
PROGRESSION /mnt/openfoam/pingpong-venv/progression/20260716T040410Z_policy_evolved_ci_20260715T185748Z_heldout policy=/mnt/openfoam/pingpong-venv/progression/_staging/20260716T040410Z_policy_evolved_ci_20260715T185748Z/policy.py suite=heldout n=28
  [1/28] render nominal ...
    sc=0.2593 bg=3
  [2/28] render ball_x_pos ...
    sc=0.2646 bg=3
  [3/28] render ball_y_pos ...

# detach 2026-07-16T04:04:35.282236+00:00 /mnt/openfoam/pingpong-venv/.venv/bin/python /mnt/openfoam/pingpong-venv/repair_work/write_champ_progression.py --policy /mnt/openfoam/pingpong-venv/progression/_staging/20260716T040435Z_policy_evolved_ci_20260715T185748Z/policy.py --suite heldout --root /mnt/openfoam/pingpong-venv/progression --no-snapshot
PROGRESSION_DETACHED pid=1262418 staging=/mnt/openfoam/pingpong-venv/progression/_staging/20260716T040435Z_policy_evolved_ci_20260715T185748Z log=/mnt/openfoam/pingpong-venv/progression/overnight_log/progression_write.log
PROGRESSION /mnt/openfoam/pingpong-venv/progression/20260716T040435Z_policy_evolved_ci_20260715T185748Z_heldout policy=/mnt/openfoam/pingpong-venv/progression/_staging/20260716T040435Z_policy_evolved_ci_20260715T185748Z/policy.py suite=heldout n=28
  [1/28] render nominal ...
    sc=0.2076 bg=2
  [4/28] render low_fast ...
    sc=0.2536 bg=3
  [2/28] render ball_x_pos ...
    sc=0.5010 bg=3
  [5/28] render range_424242_000 ...
    sc=0.2646 bg=3
  [3/28] render ball_y_pos ...
    sc=0.2076 bg=2
  [6/28] render range_424242_001 ...
    sc=0.2076 bg=2
  [4/28] render low_fast ...
    sc=0.2076 bg=2
  [7/28] render range_424242_002 ...
    sc=0.5010 bg=3
  [5/28] render range_424242_000 ...
    sc=0.2157 bg=2
  [8/28] render range_424242_003 ...
    sc=0.2076 bg=2
  [6/28] render range_424242_001 ...
    sc=0.1260 bg=1
  [9/28] render range_424242_004 ...
    sc=0.2076 bg=2
  [7/28] render range_424242_002 ...
    sc=0.2076 bg=2
  [10/28] render range_424242_005 ...
    sc=0.2157 bg=2
  [8/28] render range_424242_003 ...
    sc=0.2052 bg=2
  [11/28] render range_424242_006 ...
    sc=0.1368 bg=1
  [9/28] render range_424242_004 ...
    sc=0.5175 bg=3
  [12/28] render range_424242_007 ...

# detach 2026-07-16T04:06:13.244971+00:00 /mnt/openfoam/pingpong-venv/.venv/bin/python /mnt/openfoam/pingpong-venv/repair_work/write_champ_progression.py --policy /mnt/openfoam/pingpong-venv/progression/_staging/20260716T040613Z_policy_evolved_ci_20260715T185748Z/policy.py --suite heldout --root /mnt/openfoam/pingpong-venv/progression --no-snapshot
PROGRESSION_DETACHED pid=1266286 staging=/mnt/openfoam/pingpong-venv/progression/_staging/20260716T040613Z_policy_evolved_ci_20260715T185748Z log=/mnt/openfoam/pingpong-venv/progression/overnight_log/progression_write.log
PROGRESSION /mnt/openfoam/pingpong-venv/progression/20260716T040613Z_policy_evolved_ci_20260715T185748Z_heldout policy=/mnt/openfoam/pingpong-venv/progression/_staging/20260716T040613Z_policy_evolved_ci_20260715T185748Z/policy.py suite=heldout n=28
  [1/28] render nominal ...
    sc=0.2076 bg=2
  [10/28] render range_424242_005 ...
    sc=0.2022 bg=2
  [13/28] render range_424242_008 ...
    sc=0.2536 bg=3
  [2/28] render ball_x_pos ...
    sc=0.2052 bg=2
  [11/28] render range_424242_006 ...
    sc=0.1398 bg=1
  [14/28] render range_424242_009 ...
    sc=0.2646 bg=3
  [3/28] render ball_y_pos ...
    sc=0.5175 bg=3
  [12/28] render range_424242_007 ...
    sc=0.1961 bg=2
  [15/28] render range_424242_010 ...
    sc=0.2076 bg=2
  [4/28] render low_fast ...
    sc=0.2022 bg=2
  [13/28] render range_424242_008 ...
    sc=0.2646 bg=3
  [16/28] render range_424242_011 ...
    sc=0.5010 bg=3
  [5/28] render range_424242_000 ...
    sc=0.1398 bg=1
  [14/28] render range_424242_009 ...
    sc=0.2095 bg=2
  [17/28] render range_424242_012 ...
    sc=0.2076 bg=2
  [6/28] render range_424242_001 ...
    sc=0.1961 bg=2
  [15/28] render range_424242_010 ...
    sc=0.2076 bg=2
  [18/28] render range_424242_013 ...
    sc=0.2076 bg=2
  [7/28] render range_424242_002 ...
    sc=0.2646 bg=3
  [16/28] render range_424242_011 ...
    sc=0.1398 bg=1
  [19/28] render range_424242_014 ...
    sc=0.2157 bg=2
  [8/28] render range_424242_003 ...
    sc=0.2095 bg=2
  [17/28] render range_424242_012 ...
    sc=0.2163 bg=2
  [20/28] render range_424242_015 ...
    sc=0.1368 bg=1
  [9/28] render range_424242_004 ...
    sc=0.2076 bg=2
  [18/28] render range_424242_013 ...
    sc=0.1506 bg=1
  [21/28] render edge_low_fast_delay6 ...
    sc=0.2076 bg=2
  [10/28] render range_424242_005 ...
    sc=0.1398 bg=1
  [19/28] render range_424242_014 ...
    sc=0.2066 bg=2
  [22/28] render edge_high_slow_delay3 ...
    sc=0.2052 bg=2
  [11/28] render range_424242_006 ...
    sc=0.2163 bg=2
  [20/28] render range_424242_015 ...
    sc=0.2057 bg=2
  [23/28] render edge_crosswind_a ...
    sc=0.5175 bg=3
  [12/28] render range_424242_007 ...
    sc=0.1506 bg=1
  [21/28] render edge_low_fast_delay6 ...
    sc=0.2076 bg=2
  [24/28] render edge_crosswind_b ...
    sc=0.2022 bg=2
  [13/28] render range_424242_008 ...
    sc=0.2076 bg=2
  [22/28] render edge_high_slow_delay3 ...
    sc=0.1398 bg=1
  [25/28] render edge_noise_delay6 ...
    sc=0.1398 bg=1
  [14/28] render range_424242_009 ...
    sc=0.2057 bg=2
  [23/28] render edge_crosswind_a ...
    sc=0.1954 bg=2
  [26/28] render edge_jitter_only ...
    sc=0.1961 bg=2
  [15/28] render range_424242_010 ...
    sc=0.2076 bg=2
  [24/28] render edge_crosswind_b ...
    sc=0.1939 bg=2
  [27/28] render edge_initial_offsets_a ...
    sc=0.2646 bg=3
  [16/28] render range_424242_011 ...
    sc=0.1398 bg=1
  [25/28] render edge_noise_delay6 ...
    sc=0.1260 bg=1
  [28/28] render edge_initial_offsets_b ...
    sc=0.2095 bg=2
  [17/28] render range_424242_012 ...
    sc=0.1937 bg=2
  [26/28] render edge_jitter_only ...
    sc=0.1344 bg=1
AGGREGATE raw=18.1032 mbg=1.929 -> /mnt/openfoam/pingpong-venv/progression/20260716T040410Z_policy_evolved_ci_20260715T185748Z_heldout
POINTER /mnt/openfoam/pingpong-venv/progression/overnight_log/last_progression.json
    sc=0.2076 bg=2
  [18/28] render range_424242_013 ...
    sc=0.2605 bg=3
  [27/28] render edge_initial_offsets_a ...
    sc=0.1398 bg=1
  [19/28] render range_424242_014 ...
    sc=0.1260 bg=1
  [28/28] render edge_initial_offsets_b ...
    sc=0.2163 bg=2
  [20/28] render range_424242_015 ...
    sc=0.1344 bg=1
AGGREGATE raw=18.2502 mbg=1.964 -> /mnt/openfoam/pingpong-venv/progression/20260716T040435Z_policy_evolved_ci_20260715T185748Z_heldout
POINTER /mnt/openfoam/pingpong-venv/progression/overnight_log/last_progression.json
    sc=0.1506 bg=1
  [21/28] render edge_low_fast_delay6 ...
    sc=0.2076 bg=2
  [22/28] render edge_high_slow_delay3 ...
    sc=0.2057 bg=2
  [23/28] render edge_crosswind_a ...
    sc=0.2076 bg=2
  [24/28] render edge_crosswind_b ...
    sc=0.1398 bg=1
  [25/28] render edge_noise_delay6 ...
    sc=0.1937 bg=2
  [26/28] render edge_jitter_only ...
    sc=0.2605 bg=3
  [27/28] render edge_initial_offsets_a ...
    sc=0.1260 bg=1
  [28/28] render edge_initial_offsets_b ...
    sc=0.1344 bg=1
AGGREGATE raw=18.2502 mbg=1.964 -> /mnt/openfoam/pingpong-venv/progression/20260716T040613Z_policy_evolved_ci_20260715T185748Z_heldout
POINTER /mnt/openfoam/pingpong-venv/progression/overnight_log/last_progression.json

# mech install progression 20260716T041925Z

# detach 2026-07-16T04:19:26.119188+00:00 /mnt/openfoam/pingpong-venv/.venv/bin/python /mnt/openfoam/pingpong-venv/repair_work/write_champ_progression.py --policy /mnt/openfoam/pingpong-venv/progression/_staging/20260716T041926Z_policy_evolved_ci_20260716T041925Z/policy.py --suite heldout --root /mnt/openfoam/pingpong-venv/progression --no-snapshot --label policy_evolved_ci_20260716T041925Z_heldout
PROGRESSION_DETACHED pid=1288168 staging=/mnt/openfoam/pingpong-venv/progression/_staging/20260716T041926Z_policy_evolved_ci_20260716T041925Z log=/mnt/openfoam/pingpong-venv/progression/overnight_log/progression_write.log
PROGRESSION /mnt/openfoam/pingpong-venv/progression/20260716T041926Z_policy_evolved_ci_20260716T041925Z_heldout policy=/mnt/openfoam/pingpong-venv/progression/_staging/20260716T041926Z_policy_evolved_ci_20260716T041925Z/policy.py suite=heldout n=28
  [1/28] render nominal ...
    sc=0.7744 bg=4
  [2/28] render ball_x_pos ...
    sc=0.2646 bg=3
  [3/28] render ball_y_pos ...
    sc=0.2076 bg=2
  [4/28] render low_fast ...
    sc=0.5010 bg=3
  [5/28] render range_424242_000 ...
    sc=0.2076 bg=2
  [6/28] render range_424242_001 ...
    sc=0.2076 bg=2
  [7/28] render range_424242_002 ...
    sc=0.2158 bg=2
  [8/28] render range_424242_003 ...
    sc=0.1368 bg=1
  [9/28] render range_424242_004 ...
    sc=0.2076 bg=2
  [10/28] render range_424242_005 ...
    sc=0.2052 bg=2
  [11/28] render range_424242_006 ...
    sc=0.5175 bg=3
  [12/28] render range_424242_007 ...
    sc=0.2022 bg=2
  [13/28] render range_424242_008 ...
    sc=0.1398 bg=1
  [14/28] render range_424242_009 ...
    sc=0.1958 bg=2
  [15/28] render range_424242_010 ...
    sc=0.2646 bg=3
  [16/28] render range_424242_011 ...
    sc=0.2095 bg=2
  [17/28] render range_424242_012 ...
    sc=0.2076 bg=2
  [18/28] render range_424242_013 ...
    sc=0.1398 bg=1
  [19/28] render range_424242_014 ...
    sc=0.2076 bg=2
  [20/28] render range_424242_015 ...
    sc=0.1506 bg=1
  [21/28] render edge_low_fast_delay6 ...
    sc=0.2074 bg=2
  [22/28] render edge_high_slow_delay3 ...
    sc=0.2022 bg=2
  [23/28] render edge_crosswind_a ...
    sc=0.2076 bg=2
  [24/28] render edge_crosswind_b ...
    sc=0.1398 bg=1
  [25/28] render edge_noise_delay6 ...
    sc=0.1934 bg=2
  [26/28] render edge_jitter_only ...
    sc=0.1951 bg=2
  [27/28] render edge_initial_offsets_a ...
    sc=0.1260 bg=1
  [28/28] render edge_initial_offsets_b ...
    sc=0.1344 bg=1
AGGREGATE raw=19.1934 mbg=1.964 -> /mnt/openfoam/pingpong-venv/progression/20260716T041926Z_policy_evolved_ci_20260716T041925Z_heldout
POINTER /mnt/openfoam/pingpong-venv/progression/overnight_log/last_progression.json

# mech install progression 20260716T042938Z

# detach 2026-07-16T04:29:38.665958+00:00 /mnt/openfoam/pingpong-venv/.venv/bin/python /mnt/openfoam/pingpong-venv/repair_work/write_champ_progression.py --policy /mnt/openfoam/pingpong-venv/progression/_staging/20260716T042938Z_policy_evolved_ci_20260716T042938Z/policy.py --suite heldout --root /mnt/openfoam/pingpong-venv/progression --no-snapshot --label policy_evolved_ci_20260716T042938Z_heldout
PROGRESSION_DETACHED pid=1302873 staging=/mnt/openfoam/pingpong-venv/progression/_staging/20260716T042938Z_policy_evolved_ci_20260716T042938Z log=/mnt/openfoam/pingpong-venv/progression/overnight_log/progression_write.log
PROGRESSION /mnt/openfoam/pingpong-venv/progression/20260716T042938Z_policy_evolved_ci_20260716T042938Z_heldout policy=/mnt/openfoam/pingpong-venv/progression/_staging/20260716T042938Z_policy_evolved_ci_20260716T042938Z/policy.py suite=heldout n=28
  [1/28] render nominal ...
    sc=0.7744 bg=4
  [2/28] render ball_x_pos ...
    sc=0.2646 bg=3
  [3/28] render ball_y_pos ...
    sc=0.2076 bg=2
  [4/28] render low_fast ...
    sc=0.5010 bg=3
  [5/28] render range_424242_000 ...
    sc=0.2076 bg=2
  [6/28] render range_424242_001 ...
    sc=0.2076 bg=2
  [7/28] render range_424242_002 ...
    sc=0.2646 bg=3
  [8/28] render range_424242_003 ...
    sc=0.1368 bg=1
  [9/28] render range_424242_004 ...
    sc=0.2076 bg=2
  [10/28] render range_424242_005 ...
    sc=0.2052 bg=2
  [11/28] render range_424242_006 ...
    sc=0.5175 bg=3
  [12/28] render range_424242_007 ...
    sc=0.2022 bg=2
  [13/28] render range_424242_008 ...
    sc=0.1398 bg=1
  [14/28] render range_424242_009 ...
    sc=0.1946 bg=2
  [15/28] render range_424242_010 ...
    sc=0.2646 bg=3
  [16/28] render range_424242_011 ...
    sc=0.2095 bg=2
  [17/28] render range_424242_012 ...
    sc=0.2076 bg=2
  [18/28] render range_424242_013 ...
    sc=0.1398 bg=1
  [19/28] render range_424242_014 ...
    sc=0.2076 bg=2
  [20/28] render range_424242_015 ...
    sc=0.1506 bg=1
  [21/28] render edge_low_fast_delay6 ...
    sc=0.2074 bg=2
  [22/28] render edge_high_slow_delay3 ...
    sc=0.2022 bg=2
  [23/28] render edge_crosswind_a ...
    sc=0.2076 bg=2
  [24/28] render edge_crosswind_b ...
    sc=0.1398 bg=1
  [25/28] render edge_noise_delay6 ...
    sc=0.1934 bg=2
  [26/28] render edge_jitter_only ...
    sc=0.1951 bg=2
  [27/28] render edge_initial_offsets_a ...
    sc=0.1260 bg=1
  [28/28] render edge_initial_offsets_b ...
    sc=0.1344 bg=1
AGGREGATE raw=19.2955 mbg=2.000 -> /mnt/openfoam/pingpong-venv/progression/20260716T042938Z_policy_evolved_ci_20260716T042938Z_heldout
POINTER /mnt/openfoam/pingpong-venv/progression/overnight_log/last_progression.json
